[2026-06-03 20:48:22,753] INFO [QuorumController id=1] Fencing broker 1 because its session has timed out. (org.apache.kafka.controller.ReplicationControlManager)
[2026-06-03 20:48:23,135] INFO [QuorumController id=1] handleBrokerFenced: changing 51 partition(s) (org.apache.kafka.controller.ReplicationControlManager)
[2026-06-03 20:48:23,141] INFO [QuorumController id=1] Replayed BrokerRegistrationChangeRecord modifying the registration for broker 1: BrokerRegistrationChangeRecord(brokerId=1, brokerEpoch=6, fenced=1, inControlledShutdown=0, logDirs=[]) (org.apache.kafka.controller.ClusterControlManager)
[2026-06-03 20:48:23,206] INFO [QuorumController id=1] The request from broker 1 to unfence has been granted because it has caught up with the offset of its register broker record 6. (org.apache.kafka.controller.BrokerHeartbeatManager)
[2026-06-03 20:48:23,221] INFO [QuorumController id=1] handleBrokerUnfenced: changing 51 partition(s) (org.apache.kafka.controller.ReplicationControlManager)
[2026-06-03 20:48:23,223] INFO [QuorumController id=1] Replayed BrokerRegistrationChangeRecord modifying the registration for broker 1: BrokerRegistrationChangeRecord(brokerId=1, brokerEpoch=6, fenced=-1, inControlledShutdown=0, logDirs=[]) (org.apache.kafka.controller.ClusterControlManager)
[2026-06-06 13:08:50,049] INFO [ControllerEventThread controllerId=0] Starting (kafka.controller.ControllerEventManager$ControllerEventThread)
[2026-06-06 13:08:50,097] INFO [Controller id=0] 0 successfully elected as the controller. Epoch incremented to 1 and epoch zk version is now 1 (kafka.controller.KafkaController)
[2026-06-06 13:08:50,117] INFO [Controller id=0] Creating FeatureZNode at path: /feature with contents: FeatureZNode(2,Enabled,Map()) (kafka.controller.KafkaController)
[2026-06-06 13:08:50,271] INFO [Controller id=0] Registering handlers (kafka.controller.KafkaController)
[2026-06-06 13:08:50,277] INFO [Controller id=0] Deleting log dir event notifications (kafka.controller.KafkaController)
[2026-06-06 13:08:50,282] INFO [Controller id=0] Deleting isr change notifications (kafka.controller.KafkaController)
[2026-06-06 13:08:50,285] INFO [Controller id=0] Initializing controller context (kafka.controller.KafkaController)
[2026-06-06 13:08:50,333] INFO [Controller id=0] Initialized broker epochs cache: HashMap(0 -> 25) (kafka.controller.KafkaController)
[2026-06-06 13:08:50,361] DEBUG [Controller id=0] Register BrokerModifications handler for Set(0) (kafka.controller.KafkaController)
[2026-06-06 13:08:50,371] DEBUG [Channel manager on controller 0]: Controller 0 trying to connect to broker 0 (kafka.controller.ControllerChannelManager)
[2026-06-06 13:08:50,396] INFO [RequestSendThread controllerId=0] Starting (kafka.controller.RequestSendThread)
[2026-06-06 13:08:50,399] INFO [Controller id=0] Currently active brokers in the cluster: Set(0) (kafka.controller.KafkaController)
[2026-06-06 13:08:50,400] INFO [Controller id=0] Currently shutting brokers in the cluster: HashSet() (kafka.controller.KafkaController)
[2026-06-06 13:08:50,400] INFO [Controller id=0] Current list of topics in the cluster: HashSet() (kafka.controller.KafkaController)
[2026-06-06 13:08:50,400] INFO [Controller id=0] Fetching topic deletions in progress (kafka.controller.KafkaController)
[2026-06-06 13:08:50,413] INFO [Controller id=0] List of topics to be deleted:  (kafka.controller.KafkaController)
[2026-06-06 13:08:50,415] INFO [Controller id=0] List of topics ineligible for deletion:  (kafka.controller.KafkaController)
[2026-06-06 13:08:50,415] INFO [Controller id=0] Initializing topic deletion manager (kafka.controller.KafkaController)
[2026-06-06 13:08:50,416] INFO [Topic Deletion Manager 0] Initializing manager with initial deletions: Set(), initial ineligible deletions: HashSet() (kafka.controller.TopicDeletionManager)
[2026-06-06 13:08:50,426] INFO [Controller id=0] Sending update metadata request (kafka.controller.KafkaController)
[2026-06-06 13:08:50,451] INFO [ReplicaStateMachine controllerId=0] Initializing replica state (kafka.controller.ZkReplicaStateMachine)
[2026-06-06 13:08:50,457] INFO [ReplicaStateMachine controllerId=0] Triggering online replica state changes (kafka.controller.ZkReplicaStateMachine)
[2026-06-06 13:08:50,580] INFO [ReplicaStateMachine controllerId=0] Triggering offline replica state changes (kafka.controller.ZkReplicaStateMachine)
[2026-06-06 13:08:50,581] DEBUG [ReplicaStateMachine controllerId=0] Started replica state machine with initial state -> HashMap() (kafka.controller.ZkReplicaStateMachine)
[2026-06-06 13:08:50,581] INFO [PartitionStateMachine controllerId=0] Initializing partition state (kafka.controller.ZkPartitionStateMachine)
[2026-06-06 13:08:50,584] INFO [PartitionStateMachine controllerId=0] Triggering online partition state changes (kafka.controller.ZkPartitionStateMachine)
[2026-06-06 13:08:50,589] WARN [RequestSendThread controllerId=0] Controller 0's connection to broker localhost:9092 (id: 0 rack: null) was unsuccessful (kafka.controller.RequestSendThread)
java.io.IOException: Connection to localhost:9092 (id: 0 rack: null) failed.
	at org.apache.kafka.clients.NetworkClientUtils.awaitReady(NetworkClientUtils.java:71)
	at kafka.controller.RequestSendThread.brokerReady(ControllerChannelManager.scala:298)
	at kafka.controller.RequestSendThread.doWork(ControllerChannelManager.scala:251)
	at org.apache.kafka.server.util.ShutdownableThread.run(ShutdownableThread.java:135)
[2026-06-06 13:08:50,594] DEBUG [PartitionStateMachine controllerId=0] Started partition state machine with initial state -> HashMap() (kafka.controller.ZkPartitionStateMachine)
[2026-06-06 13:08:50,599] INFO [Controller id=0] Ready to serve as the new controller with epoch 1 (kafka.controller.KafkaController)
[2026-06-06 13:08:50,613] INFO [Controller id=0] Partitions undergoing preferred replica election:  (kafka.controller.KafkaController)
[2026-06-06 13:08:50,614] INFO [Controller id=0] Partitions that completed preferred replica election:  (kafka.controller.KafkaController)
[2026-06-06 13:08:50,615] INFO [Controller id=0] Skipping preferred replica election for partitions due to topic deletion:  (kafka.controller.KafkaController)
[2026-06-06 13:08:50,616] INFO [Controller id=0] Resuming preferred replica election for partitions:  (kafka.controller.KafkaController)
[2026-06-06 13:08:50,617] INFO [Controller id=0] Starting replica leader election (PREFERRED) for partitions  triggered by ZkTriggered (kafka.controller.KafkaController)
[2026-06-06 13:08:50,639] INFO [Controller id=0] Starting the controller scheduler (kafka.controller.KafkaController)
[2026-06-06 13:08:50,706] INFO [RequestSendThread controllerId=0] Controller 0 connected to localhost:9092 (id: 0 rack: null) for sending state change requests (kafka.controller.RequestSendThread)
[2026-06-06 13:08:55,641] INFO [Controller id=0] Processing automatic preferred replica leader election (kafka.controller.KafkaController)
[2026-06-06 13:08:55,641] TRACE [Controller id=0] Checking need to trigger auto leader balancing (kafka.controller.KafkaController)
[2026-06-06 13:10:30,180] INFO [Controller id=0] New topics: [Set(sensor-data)], deleted topics: [HashSet()], new partition replica assignment [Set(TopicIdReplicaAssignment(sensor-data,Some(T3k9MUt0RZSkT2IwUpwjhQ),Map(sensor-data-0 -> ReplicaAssignment(replicas=0, addingReplicas=, removingReplicas=))))] (kafka.controller.KafkaController)
[2026-06-06 13:10:30,181] INFO [Controller id=0] New partition creation callback for sensor-data-0 (kafka.controller.KafkaController)
[2026-06-06 13:13:55,644] INFO [Controller id=0] Processing automatic preferred replica leader election (kafka.controller.KafkaController)
[2026-06-06 13:13:55,644] TRACE [Controller id=0] Checking need to trigger auto leader balancing (kafka.controller.KafkaController)
[2026-06-06 13:13:55,646] DEBUG [Controller id=0] Topics not in preferred replica for broker 0 Map() (kafka.controller.KafkaController)
[2026-06-06 13:13:55,647] TRACE [Controller id=0] Leader imbalance ratio for broker 0 is 0.0 (kafka.controller.KafkaController)
[2026-06-06 13:18:55,649] INFO [Controller id=0] Processing automatic preferred replica leader election (kafka.controller.KafkaController)
[2026-06-06 13:18:55,649] TRACE [Controller id=0] Checking need to trigger auto leader balancing (kafka.controller.KafkaController)
[2026-06-06 13:18:55,649] DEBUG [Controller id=0] Topics not in preferred replica for broker 0 Map() (kafka.controller.KafkaController)
[2026-06-06 13:18:55,650] TRACE [Controller id=0] Leader imbalance ratio for broker 0 is 0.0 (kafka.controller.KafkaController)
[2026-06-06 13:23:55,650] INFO [Controller id=0] Processing automatic preferred replica leader election (kafka.controller.KafkaController)
[2026-06-06 13:23:55,650] TRACE [Controller id=0] Checking need to trigger auto leader balancing (kafka.controller.KafkaController)
[2026-06-06 13:23:55,650] DEBUG [Controller id=0] Topics not in preferred replica for broker 0 Map() (kafka.controller.KafkaController)
[2026-06-06 13:23:55,650] TRACE [Controller id=0] Leader imbalance ratio for broker 0 is 0.0 (kafka.controller.KafkaController)
[2026-06-06 13:24:20,951] INFO [Controller id=0] Shutting down broker 0 (kafka.controller.KafkaController)
[2026-06-06 13:24:20,951] DEBUG [Controller id=0] All shutting down brokers: 0 (kafka.controller.KafkaController)
[2026-06-06 13:24:20,952] DEBUG [Controller id=0] Live brokers:  (kafka.controller.KafkaController)
[2026-06-06 13:24:20,956] TRACE [Controller id=0] All leaders = sensor-data-0 -> (Leader:0,ISR:0,LeaderRecoveryState:RECOVERED,LeaderEpoch:0,ZkVersion:0,ControllerEpoch:1) (kafka.controller.KafkaController)
[2026-06-06 13:24:21,139] INFO [ControllerEventThread controllerId=0] Shutting down (kafka.controller.ControllerEventManager$ControllerEventThread)
[2026-06-06 13:24:21,140] INFO [ControllerEventThread controllerId=0] Shutdown completed (kafka.controller.ControllerEventManager$ControllerEventThread)
[2026-06-06 13:24:21,140] DEBUG [Controller id=0] Resigning (kafka.controller.KafkaController)
[2026-06-06 13:24:21,141] DEBUG [Controller id=0] Unregister BrokerModifications handler for Set(0) (kafka.controller.KafkaController)
[2026-06-06 13:24:21,141] INFO [ControllerEventThread controllerId=0] Stopped (kafka.controller.ControllerEventManager$ControllerEventThread)
[2026-06-06 13:24:21,142] INFO [PartitionStateMachine controllerId=0] Stopped partition state machine (kafka.controller.ZkPartitionStateMachine)
[2026-06-06 13:24:21,143] INFO [ReplicaStateMachine controllerId=0] Stopped replica state machine (kafka.controller.ZkReplicaStateMachine)
[2026-06-06 13:24:21,145] INFO [RequestSendThread controllerId=0] Shutting down (kafka.controller.RequestSendThread)
[2026-06-06 13:24:21,145] INFO [RequestSendThread controllerId=0] Stopped (kafka.controller.RequestSendThread)
[2026-06-06 13:24:21,145] INFO [RequestSendThread controllerId=0] Shutdown completed (kafka.controller.RequestSendThread)
[2026-06-06 13:24:21,146] INFO [Controller id=0] Resigned (kafka.controller.KafkaController)
[2026-06-06 13:28:51,318] INFO [ControllerEventThread controllerId=0] Starting (kafka.controller.ControllerEventManager$ControllerEventThread)
[2026-06-06 13:28:51,410] INFO [Controller id=0] 0 successfully elected as the controller. Epoch incremented to 2 and epoch zk version is now 2 (kafka.controller.KafkaController)
[2026-06-06 13:28:51,414] INFO [Controller id=0] Registering handlers (kafka.controller.KafkaController)
[2026-06-06 13:28:51,425] INFO [Controller id=0] Deleting log dir event notifications (kafka.controller.KafkaController)
[2026-06-06 13:28:51,431] INFO [Controller id=0] Deleting isr change notifications (kafka.controller.KafkaController)
[2026-06-06 13:28:51,437] INFO [Controller id=0] Initializing controller context (kafka.controller.KafkaController)
[2026-06-06 13:28:51,465] INFO [Controller id=0] Initialized broker epochs cache: HashMap(0 -> 52) (kafka.controller.KafkaController)
[2026-06-06 13:28:51,503] DEBUG [Controller id=0] Register BrokerModifications handler for Set(0) (kafka.controller.KafkaController)
[2026-06-06 13:28:51,560] DEBUG [Channel manager on controller 0]: Controller 0 trying to connect to broker 0 (kafka.controller.ControllerChannelManager)
[2026-06-06 13:28:51,577] INFO [RequestSendThread controllerId=0] Starting (kafka.controller.RequestSendThread)
[2026-06-06 13:28:51,579] INFO [Controller id=0] Currently active brokers in the cluster: Set(0) (kafka.controller.KafkaController)
[2026-06-06 13:28:51,583] INFO [Controller id=0] Currently shutting brokers in the cluster: HashSet() (kafka.controller.KafkaController)
[2026-06-06 13:28:51,583] INFO [Controller id=0] Current list of topics in the cluster: HashSet(sensor-data) (kafka.controller.KafkaController)
[2026-06-06 13:28:51,584] INFO [Controller id=0] Fetching topic deletions in progress (kafka.controller.KafkaController)
[2026-06-06 13:28:51,597] INFO [Controller id=0] List of topics to be deleted:  (kafka.controller.KafkaController)
[2026-06-06 13:28:51,598] INFO [Controller id=0] List of topics ineligible for deletion:  (kafka.controller.KafkaController)
[2026-06-06 13:28:51,598] INFO [Controller id=0] Initializing topic deletion manager (kafka.controller.KafkaController)
[2026-06-06 13:28:51,598] INFO [Topic Deletion Manager 0] Initializing manager with initial deletions: Set(), initial ineligible deletions: HashSet() (kafka.controller.TopicDeletionManager)
[2026-06-06 13:28:51,601] INFO [Controller id=0] Sending update metadata request (kafka.controller.KafkaController)
[2026-06-06 13:28:51,635] INFO [ReplicaStateMachine controllerId=0] Initializing replica state (kafka.controller.ZkReplicaStateMachine)
[2026-06-06 13:28:51,647] INFO [ReplicaStateMachine controllerId=0] Triggering online replica state changes (kafka.controller.ZkReplicaStateMachine)
[2026-06-06 13:28:51,671] WARN [RequestSendThread controllerId=0] Controller 0's connection to broker localhost:9092 (id: 0 rack: null) was unsuccessful (kafka.controller.RequestSendThread)
java.io.IOException: Connection to localhost:9092 (id: 0 rack: null) failed.
	at org.apache.kafka.clients.NetworkClientUtils.awaitReady(NetworkClientUtils.java:71)
	at kafka.controller.RequestSendThread.brokerReady(ControllerChannelManager.scala:298)
	at kafka.controller.RequestSendThread.doWork(ControllerChannelManager.scala:251)
	at org.apache.kafka.server.util.ShutdownableThread.run(ShutdownableThread.java:135)
[2026-06-06 13:28:51,724] INFO [ReplicaStateMachine controllerId=0] Triggering offline replica state changes (kafka.controller.ZkReplicaStateMachine)
[2026-06-06 13:28:51,725] DEBUG [ReplicaStateMachine controllerId=0] Started replica state machine with initial state -> HashMap([Topic=sensor-data,Partition=0,Replica=0] -> OnlineReplica) (kafka.controller.ZkReplicaStateMachine)
[2026-06-06 13:28:51,725] INFO [PartitionStateMachine controllerId=0] Initializing partition state (kafka.controller.ZkPartitionStateMachine)
[2026-06-06 13:28:51,730] INFO [PartitionStateMachine controllerId=0] Triggering online partition state changes (kafka.controller.ZkPartitionStateMachine)
[2026-06-06 13:28:51,734] DEBUG [PartitionStateMachine controllerId=0] Started partition state machine with initial state -> HashMap(sensor-data-0 -> OnlinePartition) (kafka.controller.ZkPartitionStateMachine)
[2026-06-06 13:28:51,735] INFO [Controller id=0] Ready to serve as the new controller with epoch 2 (kafka.controller.KafkaController)
[2026-06-06 13:28:51,758] INFO [Controller id=0] Partitions undergoing preferred replica election:  (kafka.controller.KafkaController)
[2026-06-06 13:28:51,759] INFO [Controller id=0] Partitions that completed preferred replica election:  (kafka.controller.KafkaController)
[2026-06-06 13:28:51,759] INFO [Controller id=0] Skipping preferred replica election for partitions due to topic deletion:  (kafka.controller.KafkaController)
[2026-06-06 13:28:51,760] INFO [Controller id=0] Resuming preferred replica election for partitions:  (kafka.controller.KafkaController)
[2026-06-06 13:28:51,762] INFO [Controller id=0] Starting replica leader election (PREFERRED) for partitions  triggered by ZkTriggered (kafka.controller.KafkaController)
[2026-06-06 13:28:51,790] INFO [RequestSendThread controllerId=0] Controller 0 connected to localhost:9092 (id: 0 rack: null) for sending state change requests (kafka.controller.RequestSendThread)
[2026-06-06 13:28:51,794] INFO [Controller id=0] Starting the controller scheduler (kafka.controller.KafkaController)
[2026-06-06 13:28:56,797] INFO [Controller id=0] Processing automatic preferred replica leader election (kafka.controller.KafkaController)
[2026-06-06 13:28:56,798] TRACE [Controller id=0] Checking need to trigger auto leader balancing (kafka.controller.KafkaController)
[2026-06-06 13:28:56,801] DEBUG [Controller id=0] Topics not in preferred replica for broker 0 Map() (kafka.controller.KafkaController)
[2026-06-06 13:28:56,802] TRACE [Controller id=0] Leader imbalance ratio for broker 0 is 0.0 (kafka.controller.KafkaController)
[2026-06-06 13:33:56,803] INFO [Controller id=0] Processing automatic preferred replica leader election (kafka.controller.KafkaController)
[2026-06-06 13:33:56,803] TRACE [Controller id=0] Checking need to trigger auto leader balancing (kafka.controller.KafkaController)
[2026-06-06 13:33:56,803] DEBUG [Controller id=0] Topics not in preferred replica for broker 0 Map() (kafka.controller.KafkaController)
[2026-06-06 13:33:56,803] TRACE [Controller id=0] Leader imbalance ratio for broker 0 is 0.0 (kafka.controller.KafkaController)
