[2026-06-03 20:48:22,727] INFO [GroupCoordinator 1]: Member console-consumer-2a163f5a-58fb-45f7-8d02-4455dd3638da in group console-consumer-99 has failed, removing it from the group (kafka.coordinator.group.GroupCoordinator)
[2026-06-03 20:48:22,821] INFO [NodeToControllerChannelManager id=1 name=heartbeat] Node 1 disconnected. (org.apache.kafka.clients.NetworkClient)
[2026-06-03 20:48:23,135] INFO [GroupCoordinator 1]: Preparing to rebalance group console-consumer-99 in state PreparingRebalance with old generation 5 (__consumer_offsets-49) (reason: removing member console-consumer-2a163f5a-58fb-45f7-8d02-4455dd3638da on heartbeat expiration) (kafka.coordinator.group.GroupCoordinator)
[2026-06-03 20:48:23,197] INFO [GroupCoordinator 1]: Group console-consumer-99 with generation 6 is now empty (__consumer_offsets-49) (kafka.coordinator.group.GroupCoordinator)
[2026-06-03 20:48:23,331] INFO [GroupCoordinator 1]: Dynamic member with unknown member id joins group console-consumer-99 in Empty state. Created a new member id console-consumer-4f3e4b91-0ca1-4560-b522-b41212f5fe93 and request the member to rejoin with this id. (kafka.coordinator.group.GroupCoordinator)
[2026-06-03 20:48:23,349] INFO [GroupCoordinator 1]: Preparing to rebalance group console-consumer-99 in state PreparingRebalance with old generation 6 (__consumer_offsets-49) (reason: Adding new member console-consumer-4f3e4b91-0ca1-4560-b522-b41212f5fe93 with group instance id None; client reason: need to re-join with the given member-id: console-consumer-4f3e4b91-0ca1-4560-b522-b41212f5fe93) (kafka.coordinator.group.GroupCoordinator)
[2026-06-03 20:48:24,117] INFO [SnapshotGenerator id=1] Creating new KRaft snapshot file snapshot 00000000000000008831-0000000001 because we have waited at least 60 minute(s). (org.apache.kafka.image.publisher.SnapshotGenerator)
[2026-06-03 20:48:24,270] INFO [ReplicaFetcherManager on broker 1] Removed fetcher for partitions Set(__consumer_offsets-13, __consumer_offsets-46, __consumer_offsets-9, __consumer_offsets-42, __consumer_offsets-21, __consumer_offsets-17, __consumer_offsets-30, __consumer_offsets-26, __consumer_offsets-5, __consumer_offsets-38, __consumer_offsets-1, __consumer_offsets-34, __consumer_offsets-16, __consumer_offsets-45, __consumer_offsets-12, __consumer_offsets-41, __consumer_offsets-24, __consumer_offsets-20, __consumer_offsets-49, __consumer_offsets-0, __consumer_offsets-29, __consumer_offsets-25, __consumer_offsets-8, __consumer_offsets-37, __consumer_offsets-4, __consumer_offsets-33, __consumer_offsets-15, __consumer_offsets-48, __consumer_offsets-11, __consumer_offsets-44, __consumer_offsets-23, __consumer_offsets-19, __consumer_offsets-32, __consumer_offsets-28, __consumer_offsets-7, __consumer_offsets-40, __consumer_offsets-3, __consumer_offsets-36, __consumer_offsets-47, __consumer_offsets-14, __consumer_offsets-43, test-0, __consumer_offsets-10, __consumer_offsets-22, __consumer_offsets-18, __consumer_offsets-31, __consumer_offsets-27, __consumer_offsets-39, __consumer_offsets-6, __consumer_offsets-35, __consumer_offsets-2) (kafka.server.ReplicaFetcherManager)
[2026-06-03 20:48:25,538] INFO [SnapshotEmitter id=1] Successfully wrote snapshot 00000000000000008831-0000000001 (org.apache.kafka.image.publisher.SnapshotEmitter)
[2026-06-03 20:48:26,268] INFO [GroupCoordinator 1]: Elected as the group coordinator for partition 13 in epoch 8 (kafka.coordinator.group.GroupCoordinator)
[2026-06-03 20:48:26,270] INFO [GroupMetadataManager brokerId=1] Scheduling loading of offsets and group metadata from __consumer_offsets-13 for epoch 8 (kafka.coordinator.group.GroupMetadataManager)
[2026-06-03 20:48:26,274] INFO [GroupCoordinator 1]: Elected as the group coordinator for partition 46 in epoch 8 (kafka.coordinator.group.GroupCoordinator)
[2026-06-03 20:48:26,276] INFO [GroupMetadataManager brokerId=1] Scheduling loading of offsets and group metadata from __consumer_offsets-46 for epoch 8 (kafka.coordinator.group.GroupMetadataManager)
[2026-06-03 20:48:26,280] INFO [GroupCoordinator 1]: Elected as the group coordinator for partition 9 in epoch 8 (kafka.coordinator.group.GroupCoordinator)
[2026-06-03 20:48:26,288] INFO [GroupMetadataManager brokerId=1] Scheduling loading of offsets and group metadata from __consumer_offsets-9 for epoch 8 (kafka.coordinator.group.GroupMetadataManager)
[2026-06-03 20:48:26,293] INFO [GroupCoordinator 1]: Elected as the group coordinator for partition 42 in epoch 8 (kafka.coordinator.group.GroupCoordinator)
[2026-06-03 20:48:26,314] INFO [GroupMetadataManager brokerId=1] Scheduling loading of offsets and group metadata from __consumer_offsets-42 for epoch 8 (kafka.coordinator.group.GroupMetadataManager)
[2026-06-03 20:48:26,327] INFO [GroupCoordinator 1]: Elected as the group coordinator for partition 21 in epoch 8 (kafka.coordinator.group.GroupCoordinator)
[2026-06-03 20:48:26,332] INFO [GroupMetadataManager brokerId=1] Scheduling loading of offsets and group metadata from __consumer_offsets-21 for epoch 8 (kafka.coordinator.group.GroupMetadataManager)
[2026-06-03 20:48:26,336] INFO [GroupCoordinator 1]: Elected as the group coordinator for partition 17 in epoch 8 (kafka.coordinator.group.GroupCoordinator)
[2026-06-03 20:48:26,339] INFO [GroupMetadataManager brokerId=1] Scheduling loading of offsets and group metadata from __consumer_offsets-17 for epoch 8 (kafka.coordinator.group.GroupMetadataManager)
[2026-06-03 20:48:26,343] INFO [GroupCoordinator 1]: Elected as the group coordinator for partition 30 in epoch 8 (kafka.coordinator.group.GroupCoordinator)
[2026-06-03 20:48:26,350] INFO [GroupMetadataManager brokerId=1] Scheduling loading of offsets and group metadata from __consumer_offsets-30 for epoch 8 (kafka.coordinator.group.GroupMetadataManager)
[2026-06-03 20:48:26,353] INFO [GroupCoordinator 1]: Elected as the group coordinator for partition 26 in epoch 8 (kafka.coordinator.group.GroupCoordinator)
[2026-06-03 20:48:26,355] INFO [GroupMetadataManager brokerId=1] Scheduling loading of offsets and group metadata from __consumer_offsets-26 for epoch 8 (kafka.coordinator.group.GroupMetadataManager)
[2026-06-03 20:48:26,357] INFO [GroupCoordinator 1]: Elected as the group coordinator for partition 5 in epoch 8 (kafka.coordinator.group.GroupCoordinator)
[2026-06-03 20:48:26,359] INFO [GroupMetadataManager brokerId=1] Scheduling loading of offsets and group metadata from __consumer_offsets-5 for epoch 8 (kafka.coordinator.group.GroupMetadataManager)
[2026-06-03 20:48:26,360] INFO [GroupCoordinator 1]: Elected as the group coordinator for partition 38 in epoch 8 (kafka.coordinator.group.GroupCoordinator)
[2026-06-03 20:48:26,360] INFO [GroupMetadataManager brokerId=1] Scheduling loading of offsets and group metadata from __consumer_offsets-38 for epoch 8 (kafka.coordinator.group.GroupMetadataManager)
[2026-06-03 20:48:26,366] INFO [GroupCoordinator 1]: Elected as the group coordinator for partition 1 in epoch 8 (kafka.coordinator.group.GroupCoordinator)
[2026-06-03 20:48:26,368] INFO [GroupMetadataManager brokerId=1] Scheduling loading of offsets and group metadata from __consumer_offsets-1 for epoch 8 (kafka.coordinator.group.GroupMetadataManager)
[2026-06-03 20:48:26,370] INFO [GroupCoordinator 1]: Elected as the group coordinator for partition 34 in epoch 8 (kafka.coordinator.group.GroupCoordinator)
[2026-06-03 20:48:26,372] INFO [GroupMetadataManager brokerId=1] Scheduling loading of offsets and group metadata from __consumer_offsets-34 for epoch 8 (kafka.coordinator.group.GroupMetadataManager)
[2026-06-03 20:48:26,374] INFO [GroupCoordinator 1]: Elected as the group coordinator for partition 16 in epoch 8 (kafka.coordinator.group.GroupCoordinator)
[2026-06-03 20:48:26,374] INFO [GroupMetadataManager brokerId=1] Scheduling loading of offsets and group metadata from __consumer_offsets-16 for epoch 8 (kafka.coordinator.group.GroupMetadataManager)
[2026-06-03 20:48:26,376] INFO [GroupCoordinator 1]: Elected as the group coordinator for partition 45 in epoch 8 (kafka.coordinator.group.GroupCoordinator)
[2026-06-03 20:48:26,380] INFO [GroupMetadataManager brokerId=1] Scheduling loading of offsets and group metadata from __consumer_offsets-45 for epoch 8 (kafka.coordinator.group.GroupMetadataManager)
[2026-06-03 20:48:26,384] INFO [GroupCoordinator 1]: Elected as the group coordinator for partition 12 in epoch 8 (kafka.coordinator.group.GroupCoordinator)
[2026-06-03 20:48:26,386] INFO [GroupMetadataManager brokerId=1] Scheduling loading of offsets and group metadata from __consumer_offsets-12 for epoch 8 (kafka.coordinator.group.GroupMetadataManager)
[2026-06-03 20:48:26,388] INFO [GroupCoordinator 1]: Elected as the group coordinator for partition 41 in epoch 8 (kafka.coordinator.group.GroupCoordinator)
[2026-06-03 20:48:26,388] INFO [GroupMetadataManager brokerId=1] Scheduling loading of offsets and group metadata from __consumer_offsets-41 for epoch 8 (kafka.coordinator.group.GroupMetadataManager)
[2026-06-03 20:48:26,391] INFO [GroupCoordinator 1]: Elected as the group coordinator for partition 24 in epoch 8 (kafka.coordinator.group.GroupCoordinator)
[2026-06-03 20:48:26,393] INFO [GroupMetadataManager brokerId=1] Scheduling loading of offsets and group metadata from __consumer_offsets-24 for epoch 8 (kafka.coordinator.group.GroupMetadataManager)
[2026-06-03 20:48:26,393] INFO [GroupCoordinator 1]: Elected as the group coordinator for partition 20 in epoch 8 (kafka.coordinator.group.GroupCoordinator)
[2026-06-03 20:48:26,396] INFO [GroupMetadataManager brokerId=1] Scheduling loading of offsets and group metadata from __consumer_offsets-20 for epoch 8 (kafka.coordinator.group.GroupMetadataManager)
[2026-06-03 20:48:26,400] INFO [GroupCoordinator 1]: Elected as the group coordinator for partition 49 in epoch 8 (kafka.coordinator.group.GroupCoordinator)
[2026-06-03 20:48:26,402] INFO [GroupMetadataManager brokerId=1] Scheduling loading of offsets and group metadata from __consumer_offsets-49 for epoch 8 (kafka.coordinator.group.GroupMetadataManager)
[2026-06-03 20:48:26,402] INFO [GroupCoordinator 1]: Elected as the group coordinator for partition 0 in epoch 8 (kafka.coordinator.group.GroupCoordinator)
[2026-06-03 20:48:26,404] INFO [GroupMetadataManager brokerId=1] Scheduling loading of offsets and group metadata from __consumer_offsets-0 for epoch 8 (kafka.coordinator.group.GroupMetadataManager)
[2026-06-03 20:48:26,406] INFO [GroupCoordinator 1]: Elected as the group coordinator for partition 29 in epoch 8 (kafka.coordinator.group.GroupCoordinator)
[2026-06-03 20:48:26,404] INFO [GroupCoordinator 1]: Stabilized group console-consumer-99 generation 7 (__consumer_offsets-49) with 1 members (kafka.coordinator.group.GroupCoordinator)
[2026-06-03 20:48:26,408] INFO [GroupMetadataManager brokerId=1] Scheduling loading of offsets and group metadata from __consumer_offsets-29 for epoch 8 (kafka.coordinator.group.GroupMetadataManager)
[2026-06-03 20:48:26,435] INFO [GroupCoordinator 1]: Elected as the group coordinator for partition 25 in epoch 8 (kafka.coordinator.group.GroupCoordinator)
[2026-06-03 20:48:26,452] INFO [GroupMetadataManager brokerId=1] Scheduling loading of offsets and group metadata from __consumer_offsets-25 for epoch 8 (kafka.coordinator.group.GroupMetadataManager)
[2026-06-03 20:48:26,466] INFO [GroupCoordinator 1]: Elected as the group coordinator for partition 8 in epoch 8 (kafka.coordinator.group.GroupCoordinator)
[2026-06-03 20:48:26,476] INFO [GroupMetadataManager brokerId=1] Scheduling loading of offsets and group metadata from __consumer_offsets-8 for epoch 8 (kafka.coordinator.group.GroupMetadataManager)
[2026-06-03 20:48:26,443] INFO [GroupCoordinator 1]: Assignment received from leader console-consumer-4f3e4b91-0ca1-4560-b522-b41212f5fe93 for group console-consumer-99 for generation 7. The group has 1 members, 0 of which are static. (kafka.coordinator.group.GroupCoordinator)
[2026-06-03 20:48:26,509] INFO [GroupCoordinator 1]: Elected as the group coordinator for partition 37 in epoch 8 (kafka.coordinator.group.GroupCoordinator)
[2026-06-03 20:48:26,541] INFO [GroupMetadataManager brokerId=1] Scheduling loading of offsets and group metadata from __consumer_offsets-37 for epoch 8 (kafka.coordinator.group.GroupMetadataManager)
[2026-06-03 20:48:26,590] INFO [GroupCoordinator 1]: Elected as the group coordinator for partition 4 in epoch 8 (kafka.coordinator.group.GroupCoordinator)
[2026-06-03 20:48:26,623] INFO [GroupMetadataManager brokerId=1] Scheduling loading of offsets and group metadata from __consumer_offsets-4 for epoch 8 (kafka.coordinator.group.GroupMetadataManager)
[2026-06-03 20:48:26,639] INFO [GroupCoordinator 1]: Elected as the group coordinator for partition 33 in epoch 8 (kafka.coordinator.group.GroupCoordinator)
[2026-06-03 20:48:26,645] INFO [GroupMetadataManager brokerId=1] Scheduling loading of offsets and group metadata from __consumer_offsets-33 for epoch 8 (kafka.coordinator.group.GroupMetadataManager)
[2026-06-03 20:48:26,649] INFO [GroupCoordinator 1]: Elected as the group coordinator for partition 15 in epoch 8 (kafka.coordinator.group.GroupCoordinator)
[2026-06-03 20:48:26,650] INFO [GroupMetadataManager brokerId=1] Scheduling loading of offsets and group metadata from __consumer_offsets-15 for epoch 8 (kafka.coordinator.group.GroupMetadataManager)
[2026-06-03 20:48:26,655] INFO [GroupCoordinator 1]: Elected as the group coordinator for partition 48 in epoch 8 (kafka.coordinator.group.GroupCoordinator)
[2026-06-03 20:48:26,660] INFO [GroupMetadataManager brokerId=1] Scheduling loading of offsets and group metadata from __consumer_offsets-48 for epoch 8 (kafka.coordinator.group.GroupMetadataManager)
[2026-06-03 20:48:26,667] INFO [GroupCoordinator 1]: Elected as the group coordinator for partition 11 in epoch 8 (kafka.coordinator.group.GroupCoordinator)
[2026-06-03 20:48:26,678] INFO [GroupMetadataManager brokerId=1] Scheduling loading of offsets and group metadata from __consumer_offsets-11 for epoch 8 (kafka.coordinator.group.GroupMetadataManager)
[2026-06-03 20:48:26,690] INFO [GroupCoordinator 1]: Elected as the group coordinator for partition 44 in epoch 8 (kafka.coordinator.group.GroupCoordinator)
[2026-06-03 20:48:26,702] INFO [GroupMetadataManager brokerId=1] Scheduling loading of offsets and group metadata from __consumer_offsets-44 for epoch 8 (kafka.coordinator.group.GroupMetadataManager)
[2026-06-03 20:48:26,710] INFO [GroupCoordinator 1]: Elected as the group coordinator for partition 23 in epoch 8 (kafka.coordinator.group.GroupCoordinator)
[2026-06-03 20:48:26,722] INFO [GroupMetadataManager brokerId=1] Scheduling loading of offsets and group metadata from __consumer_offsets-23 for epoch 8 (kafka.coordinator.group.GroupMetadataManager)
[2026-06-03 20:48:26,728] INFO [GroupCoordinator 1]: Elected as the group coordinator for partition 19 in epoch 8 (kafka.coordinator.group.GroupCoordinator)
[2026-06-03 20:48:26,741] INFO [GroupMetadataManager brokerId=1] Scheduling loading of offsets and group metadata from __consumer_offsets-19 for epoch 8 (kafka.coordinator.group.GroupMetadataManager)
[2026-06-03 20:48:26,750] INFO [GroupCoordinator 1]: Elected as the group coordinator for partition 32 in epoch 8 (kafka.coordinator.group.GroupCoordinator)
[2026-06-03 20:48:26,752] INFO [GroupMetadataManager brokerId=1] Scheduling loading of offsets and group metadata from __consumer_offsets-32 for epoch 8 (kafka.coordinator.group.GroupMetadataManager)
[2026-06-03 20:48:26,756] INFO [GroupCoordinator 1]: Elected as the group coordinator for partition 28 in epoch 8 (kafka.coordinator.group.GroupCoordinator)
[2026-06-03 20:48:26,758] INFO [GroupMetadataManager brokerId=1] Scheduling loading of offsets and group metadata from __consumer_offsets-28 for epoch 8 (kafka.coordinator.group.GroupMetadataManager)
[2026-06-03 20:48:26,764] INFO [GroupCoordinator 1]: Elected as the group coordinator for partition 7 in epoch 8 (kafka.coordinator.group.GroupCoordinator)
[2026-06-03 20:48:26,769] INFO [GroupMetadataManager brokerId=1] Scheduling loading of offsets and group metadata from __consumer_offsets-7 for epoch 8 (kafka.coordinator.group.GroupMetadataManager)
[2026-06-03 20:48:26,771] INFO [GroupCoordinator 1]: Elected as the group coordinator for partition 40 in epoch 8 (kafka.coordinator.group.GroupCoordinator)
[2026-06-03 20:48:26,773] INFO [GroupMetadataManager brokerId=1] Scheduling loading of offsets and group metadata from __consumer_offsets-40 for epoch 8 (kafka.coordinator.group.GroupMetadataManager)
[2026-06-03 20:48:26,775] INFO [GroupCoordinator 1]: Elected as the group coordinator for partition 3 in epoch 8 (kafka.coordinator.group.GroupCoordinator)
[2026-06-03 20:48:26,777] INFO [GroupMetadataManager brokerId=1] Scheduling loading of offsets and group metadata from __consumer_offsets-3 for epoch 8 (kafka.coordinator.group.GroupMetadataManager)
[2026-06-03 20:48:26,777] INFO [GroupCoordinator 1]: Elected as the group coordinator for partition 36 in epoch 8 (kafka.coordinator.group.GroupCoordinator)
[2026-06-03 20:48:26,777] INFO [GroupMetadataManager brokerId=1] Scheduling loading of offsets and group metadata from __consumer_offsets-36 for epoch 8 (kafka.coordinator.group.GroupMetadataManager)
[2026-06-03 20:48:26,779] INFO [GroupCoordinator 1]: Elected as the group coordinator for partition 47 in epoch 8 (kafka.coordinator.group.GroupCoordinator)
[2026-06-03 20:48:26,779] INFO [GroupMetadataManager brokerId=1] Scheduling loading of offsets and group metadata from __consumer_offsets-47 for epoch 8 (kafka.coordinator.group.GroupMetadataManager)
[2026-06-03 20:48:26,781] INFO [GroupCoordinator 1]: Elected as the group coordinator for partition 14 in epoch 8 (kafka.coordinator.group.GroupCoordinator)
[2026-06-03 20:48:26,783] INFO [GroupMetadataManager brokerId=1] Scheduling loading of offsets and group metadata from __consumer_offsets-14 for epoch 8 (kafka.coordinator.group.GroupMetadataManager)
[2026-06-03 20:48:26,783] INFO [GroupCoordinator 1]: Elected as the group coordinator for partition 43 in epoch 8 (kafka.coordinator.group.GroupCoordinator)
[2026-06-03 20:48:26,785] INFO [GroupMetadataManager brokerId=1] Scheduling loading of offsets and group metadata from __consumer_offsets-43 for epoch 8 (kafka.coordinator.group.GroupMetadataManager)
[2026-06-03 20:48:26,791] INFO [GroupCoordinator 1]: Elected as the group coordinator for partition 10 in epoch 8 (kafka.coordinator.group.GroupCoordinator)
[2026-06-03 20:48:26,799] INFO [GroupMetadataManager brokerId=1] Scheduling loading of offsets and group metadata from __consumer_offsets-10 for epoch 8 (kafka.coordinator.group.GroupMetadataManager)
[2026-06-03 20:48:26,805] INFO [GroupCoordinator 1]: Elected as the group coordinator for partition 22 in epoch 8 (kafka.coordinator.group.GroupCoordinator)
[2026-06-03 20:48:26,811] INFO [GroupMetadataManager brokerId=1] Scheduling loading of offsets and group metadata from __consumer_offsets-22 for epoch 8 (kafka.coordinator.group.GroupMetadataManager)
[2026-06-03 20:48:26,815] INFO [GroupCoordinator 1]: Elected as the group coordinator for partition 18 in epoch 8 (kafka.coordinator.group.GroupCoordinator)
[2026-06-03 20:48:26,817] INFO [GroupMetadataManager brokerId=1] Scheduling loading of offsets and group metadata from __consumer_offsets-18 for epoch 8 (kafka.coordinator.group.GroupMetadataManager)
[2026-06-03 20:48:26,821] INFO [GroupCoordinator 1]: Elected as the group coordinator for partition 31 in epoch 8 (kafka.coordinator.group.GroupCoordinator)
[2026-06-03 20:48:26,821] INFO [GroupMetadataManager brokerId=1] Scheduling loading of offsets and group metadata from __consumer_offsets-31 for epoch 8 (kafka.coordinator.group.GroupMetadataManager)
[2026-06-03 20:48:26,821] INFO [GroupCoordinator 1]: Elected as the group coordinator for partition 27 in epoch 8 (kafka.coordinator.group.GroupCoordinator)
[2026-06-03 20:48:26,823] INFO [GroupMetadataManager brokerId=1] Scheduling loading of offsets and group metadata from __consumer_offsets-27 for epoch 8 (kafka.coordinator.group.GroupMetadataManager)
[2026-06-03 20:48:26,823] INFO [GroupCoordinator 1]: Elected as the group coordinator for partition 39 in epoch 8 (kafka.coordinator.group.GroupCoordinator)
[2026-06-03 20:48:26,825] INFO [GroupMetadataManager brokerId=1] Scheduling loading of offsets and group metadata from __consumer_offsets-39 for epoch 8 (kafka.coordinator.group.GroupMetadataManager)
[2026-06-03 20:48:26,831] INFO [GroupCoordinator 1]: Elected as the group coordinator for partition 6 in epoch 8 (kafka.coordinator.group.GroupCoordinator)
[2026-06-03 20:48:26,835] INFO [GroupMetadataManager brokerId=1] Scheduling loading of offsets and group metadata from __consumer_offsets-6 for epoch 8 (kafka.coordinator.group.GroupMetadataManager)
[2026-06-03 20:48:26,839] INFO [GroupCoordinator 1]: Elected as the group coordinator for partition 35 in epoch 8 (kafka.coordinator.group.GroupCoordinator)
[2026-06-03 20:48:26,843] INFO [GroupMetadataManager brokerId=1] Scheduling loading of offsets and group metadata from __consumer_offsets-35 for epoch 8 (kafka.coordinator.group.GroupMetadataManager)
[2026-06-03 20:48:26,852] INFO [GroupCoordinator 1]: Elected as the group coordinator for partition 2 in epoch 8 (kafka.coordinator.group.GroupCoordinator)
[2026-06-03 20:48:26,857] INFO [GroupMetadataManager brokerId=1] Scheduling loading of offsets and group metadata from __consumer_offsets-2 for epoch 8 (kafka.coordinator.group.GroupMetadataManager)
[2026-06-03 20:57:25,194] INFO [GroupMetadataManager brokerId=1] Finished unloading __consumer_offsets-13 for coordinator epoch OptionalInt[3]. Removed 0 cached offsets and 0 cached groups. (kafka.coordinator.group.GroupMetadataManager)
[2026-06-03 20:57:25,194] INFO [GroupMetadataManager brokerId=1] Finished unloading __consumer_offsets-46 for coordinator epoch OptionalInt[3]. Removed 0 cached offsets and 0 cached groups. (kafka.coordinator.group.GroupMetadataManager)
[2026-06-03 20:57:25,194] INFO [GroupMetadataManager brokerId=1] Finished unloading __consumer_offsets-9 for coordinator epoch OptionalInt[3]. Removed 0 cached offsets and 0 cached groups. (kafka.coordinator.group.GroupMetadataManager)
[2026-06-03 20:57:25,194] INFO [GroupMetadataManager brokerId=1] Finished unloading __consumer_offsets-42 for coordinator epoch OptionalInt[3]. Removed 0 cached offsets and 0 cached groups. (kafka.coordinator.group.GroupMetadataManager)
[2026-06-03 20:57:25,194] INFO [GroupMetadataManager brokerId=1] Finished unloading __consumer_offsets-21 for coordinator epoch OptionalInt[3]. Removed 0 cached offsets and 0 cached groups. (kafka.coordinator.group.GroupMetadataManager)
[2026-06-03 20:57:25,196] INFO [GroupMetadataManager brokerId=1] Finished unloading __consumer_offsets-17 for coordinator epoch OptionalInt[3]. Removed 0 cached offsets and 0 cached groups. (kafka.coordinator.group.GroupMetadataManager)
[2026-06-03 20:57:25,196] INFO [GroupMetadataManager brokerId=1] Finished unloading __consumer_offsets-30 for coordinator epoch OptionalInt[3]. Removed 0 cached offsets and 0 cached groups. (kafka.coordinator.group.GroupMetadataManager)
[2026-06-03 20:57:25,197] INFO [GroupMetadataManager brokerId=1] Finished unloading __consumer_offsets-26 for coordinator epoch OptionalInt[3]. Removed 0 cached offsets and 0 cached groups. (kafka.coordinator.group.GroupMetadataManager)
[2026-06-03 20:57:25,197] INFO [GroupMetadataManager brokerId=1] Finished unloading __consumer_offsets-5 for coordinator epoch OptionalInt[3]. Removed 0 cached offsets and 0 cached groups. (kafka.coordinator.group.GroupMetadataManager)
[2026-06-03 20:57:25,197] INFO [GroupMetadataManager brokerId=1] Finished unloading __consumer_offsets-38 for coordinator epoch OptionalInt[3]. Removed 0 cached offsets and 0 cached groups. (kafka.coordinator.group.GroupMetadataManager)
[2026-06-03 20:57:25,197] INFO [GroupMetadataManager brokerId=1] Finished unloading __consumer_offsets-1 for coordinator epoch OptionalInt[3]. Removed 0 cached offsets and 0 cached groups. (kafka.coordinator.group.GroupMetadataManager)
[2026-06-03 20:57:25,197] INFO [GroupMetadataManager brokerId=1] Finished unloading __consumer_offsets-34 for coordinator epoch OptionalInt[3]. Removed 0 cached offsets and 0 cached groups. (kafka.coordinator.group.GroupMetadataManager)
[2026-06-03 20:57:25,197] INFO [GroupMetadataManager brokerId=1] Finished unloading __consumer_offsets-16 for coordinator epoch OptionalInt[3]. Removed 0 cached offsets and 0 cached groups. (kafka.coordinator.group.GroupMetadataManager)
[2026-06-03 20:57:25,197] INFO [GroupMetadataManager brokerId=1] Finished unloading __consumer_offsets-45 for coordinator epoch OptionalInt[3]. Removed 0 cached offsets and 0 cached groups. (kafka.coordinator.group.GroupMetadataManager)
[2026-06-03 20:57:25,197] INFO [GroupMetadataManager brokerId=1] Finished unloading __consumer_offsets-12 for coordinator epoch OptionalInt[3]. Removed 0 cached offsets and 0 cached groups. (kafka.coordinator.group.GroupMetadataManager)
[2026-06-03 20:57:25,197] INFO [GroupMetadataManager brokerId=1] Finished unloading __consumer_offsets-41 for coordinator epoch OptionalInt[3]. Removed 0 cached offsets and 0 cached groups. (kafka.coordinator.group.GroupMetadataManager)
[2026-06-03 20:57:25,197] INFO [GroupMetadataManager brokerId=1] Finished unloading __consumer_offsets-24 for coordinator epoch OptionalInt[3]. Removed 0 cached offsets and 0 cached groups. (kafka.coordinator.group.GroupMetadataManager)
[2026-06-03 20:57:25,197] INFO [GroupMetadataManager brokerId=1] Finished unloading __consumer_offsets-20 for coordinator epoch OptionalInt[3]. Removed 0 cached offsets and 0 cached groups. (kafka.coordinator.group.GroupMetadataManager)
[2026-06-03 20:57:25,197] INFO [GroupCoordinator 1]: Unloading group metadata for console-consumer-99 with generation 7 (kafka.coordinator.group.GroupCoordinator)
[2026-06-03 20:57:25,197] INFO [GroupMetadataManager brokerId=1] Finished unloading __consumer_offsets-49 for coordinator epoch OptionalInt[3]. Removed 0 cached offsets and 1 cached groups. (kafka.coordinator.group.GroupMetadataManager)
[2026-06-03 20:57:25,197] INFO [GroupMetadataManager brokerId=1] Finished unloading __consumer_offsets-0 for coordinator epoch OptionalInt[3]. Removed 0 cached offsets and 0 cached groups. (kafka.coordinator.group.GroupMetadataManager)
[2026-06-03 20:57:25,197] INFO [GroupMetadataManager brokerId=1] Finished unloading __consumer_offsets-29 for coordinator epoch OptionalInt[3]. Removed 0 cached offsets and 0 cached groups. (kafka.coordinator.group.GroupMetadataManager)
[2026-06-03 20:57:25,197] INFO [GroupMetadataManager brokerId=1] Finished unloading __consumer_offsets-25 for coordinator epoch OptionalInt[3]. Removed 0 cached offsets and 0 cached groups. (kafka.coordinator.group.GroupMetadataManager)
[2026-06-03 20:57:25,197] INFO [GroupMetadataManager brokerId=1] Finished unloading __consumer_offsets-8 for coordinator epoch OptionalInt[3]. Removed 0 cached offsets and 0 cached groups. (kafka.coordinator.group.GroupMetadataManager)
[2026-06-03 20:57:25,197] INFO [GroupMetadataManager brokerId=1] Finished unloading __consumer_offsets-37 for coordinator epoch OptionalInt[3]. Removed 0 cached offsets and 0 cached groups. (kafka.coordinator.group.GroupMetadataManager)
[2026-06-03 20:57:25,197] INFO [GroupMetadataManager brokerId=1] Finished unloading __consumer_offsets-4 for coordinator epoch OptionalInt[3]. Removed 0 cached offsets and 0 cached groups. (kafka.coordinator.group.GroupMetadataManager)
[2026-06-03 20:57:25,197] INFO [GroupMetadataManager brokerId=1] Finished unloading __consumer_offsets-33 for coordinator epoch OptionalInt[3]. Removed 0 cached offsets and 0 cached groups. (kafka.coordinator.group.GroupMetadataManager)
[2026-06-03 20:57:25,197] INFO [GroupMetadataManager brokerId=1] Finished unloading __consumer_offsets-15 for coordinator epoch OptionalInt[3]. Removed 0 cached offsets and 0 cached groups. (kafka.coordinator.group.GroupMetadataManager)
[2026-06-03 20:57:25,197] INFO [GroupMetadataManager brokerId=1] Finished unloading __consumer_offsets-48 for coordinator epoch OptionalInt[3]. Removed 0 cached offsets and 0 cached groups. (kafka.coordinator.group.GroupMetadataManager)
[2026-06-03 20:57:25,197] INFO [GroupMetadataManager brokerId=1] Finished unloading __consumer_offsets-11 for coordinator epoch OptionalInt[3]. Removed 0 cached offsets and 0 cached groups. (kafka.coordinator.group.GroupMetadataManager)
[2026-06-03 20:57:25,197] INFO [GroupMetadataManager brokerId=1] Finished unloading __consumer_offsets-44 for coordinator epoch OptionalInt[3]. Removed 0 cached offsets and 0 cached groups. (kafka.coordinator.group.GroupMetadataManager)
[2026-06-03 20:57:25,197] INFO [GroupMetadataManager brokerId=1] Finished unloading __consumer_offsets-23 for coordinator epoch OptionalInt[3]. Removed 0 cached offsets and 0 cached groups. (kafka.coordinator.group.GroupMetadataManager)
[2026-06-03 20:57:25,197] INFO [GroupMetadataManager brokerId=1] Finished unloading __consumer_offsets-19 for coordinator epoch OptionalInt[3]. Removed 0 cached offsets and 0 cached groups. (kafka.coordinator.group.GroupMetadataManager)
[2026-06-03 20:57:25,197] INFO [GroupMetadataManager brokerId=1] Finished unloading __consumer_offsets-32 for coordinator epoch OptionalInt[3]. Removed 0 cached offsets and 0 cached groups. (kafka.coordinator.group.GroupMetadataManager)
[2026-06-03 20:57:25,197] INFO [GroupMetadataManager brokerId=1] Finished unloading __consumer_offsets-28 for coordinator epoch OptionalInt[3]. Removed 0 cached offsets and 0 cached groups. (kafka.coordinator.group.GroupMetadataManager)
[2026-06-03 20:57:25,197] INFO [GroupMetadataManager brokerId=1] Finished unloading __consumer_offsets-7 for coordinator epoch OptionalInt[3]. Removed 0 cached offsets and 0 cached groups. (kafka.coordinator.group.GroupMetadataManager)
[2026-06-03 20:57:25,197] INFO [GroupMetadataManager brokerId=1] Finished unloading __consumer_offsets-40 for coordinator epoch OptionalInt[3]. Removed 0 cached offsets and 0 cached groups. (kafka.coordinator.group.GroupMetadataManager)
[2026-06-03 20:57:25,197] INFO [GroupMetadataManager brokerId=1] Finished unloading __consumer_offsets-3 for coordinator epoch OptionalInt[3]. Removed 0 cached offsets and 0 cached groups. (kafka.coordinator.group.GroupMetadataManager)
[2026-06-03 20:57:25,197] INFO [GroupMetadataManager brokerId=1] Finished unloading __consumer_offsets-36 for coordinator epoch OptionalInt[3]. Removed 0 cached offsets and 0 cached groups. (kafka.coordinator.group.GroupMetadataManager)
[2026-06-03 20:57:25,197] INFO [GroupMetadataManager brokerId=1] Finished unloading __consumer_offsets-47 for coordinator epoch OptionalInt[3]. Removed 0 cached offsets and 0 cached groups. (kafka.coordinator.group.GroupMetadataManager)
[2026-06-03 20:57:25,197] INFO [GroupMetadataManager brokerId=1] Finished unloading __consumer_offsets-14 for coordinator epoch OptionalInt[3]. Removed 0 cached offsets and 0 cached groups. (kafka.coordinator.group.GroupMetadataManager)
[2026-06-03 20:57:25,197] INFO [GroupMetadataManager brokerId=1] Finished unloading __consumer_offsets-43 for coordinator epoch OptionalInt[3]. Removed 0 cached offsets and 0 cached groups. (kafka.coordinator.group.GroupMetadataManager)
[2026-06-03 20:57:25,197] INFO [GroupMetadataManager brokerId=1] Finished unloading __consumer_offsets-10 for coordinator epoch OptionalInt[3]. Removed 0 cached offsets and 0 cached groups. (kafka.coordinator.group.GroupMetadataManager)
[2026-06-03 20:57:25,197] INFO [GroupMetadataManager brokerId=1] Finished unloading __consumer_offsets-22 for coordinator epoch OptionalInt[3]. Removed 0 cached offsets and 0 cached groups. (kafka.coordinator.group.GroupMetadataManager)
[2026-06-03 20:57:25,197] INFO [GroupMetadataManager brokerId=1] Finished unloading __consumer_offsets-18 for coordinator epoch OptionalInt[3]. Removed 0 cached offsets and 0 cached groups. (kafka.coordinator.group.GroupMetadataManager)
[2026-06-03 20:57:25,197] INFO [GroupMetadataManager brokerId=1] Finished unloading __consumer_offsets-31 for coordinator epoch OptionalInt[3]. Removed 0 cached offsets and 0 cached groups. (kafka.coordinator.group.GroupMetadataManager)
[2026-06-03 20:57:25,197] INFO [GroupMetadataManager brokerId=1] Finished unloading __consumer_offsets-27 for coordinator epoch OptionalInt[3]. Removed 0 cached offsets and 0 cached groups. (kafka.coordinator.group.GroupMetadataManager)
[2026-06-03 20:57:25,197] INFO [GroupMetadataManager brokerId=1] Finished unloading __consumer_offsets-39 for coordinator epoch OptionalInt[3]. Removed 0 cached offsets and 0 cached groups. (kafka.coordinator.group.GroupMetadataManager)
[2026-06-03 20:57:25,197] INFO [GroupMetadataManager brokerId=1] Finished unloading __consumer_offsets-6 for coordinator epoch OptionalInt[3]. Removed 0 cached offsets and 0 cached groups. (kafka.coordinator.group.GroupMetadataManager)
[2026-06-03 20:57:25,197] INFO [GroupMetadataManager brokerId=1] Finished unloading __consumer_offsets-35 for coordinator epoch OptionalInt[3]. Removed 0 cached offsets and 0 cached groups. (kafka.coordinator.group.GroupMetadataManager)
[2026-06-03 20:57:25,197] INFO [GroupMetadataManager brokerId=1] Finished unloading __consumer_offsets-2 for coordinator epoch OptionalInt[3]. Removed 0 cached offsets and 0 cached groups. (kafka.coordinator.group.GroupMetadataManager)
[2026-06-03 20:57:25,197] INFO [GroupMetadataManager brokerId=1] Finished loading offsets and group metadata from __consumer_offsets-13 in 18255746 milliseconds for epoch 4, of which 18255746 milliseconds was spent in the scheduler. (kafka.coordinator.group.GroupMetadataManager)
[2026-06-03 20:57:25,197] INFO [GroupMetadataManager brokerId=1] Finished loading offsets and group metadata from __consumer_offsets-46 in 18255743 milliseconds for epoch 4, of which 18255743 milliseconds was spent in the scheduler. (kafka.coordinator.group.GroupMetadataManager)
[2026-06-03 20:57:25,197] INFO [GroupMetadataManager brokerId=1] Finished loading offsets and group metadata from __consumer_offsets-9 in 18255736 milliseconds for epoch 4, of which 18255736 milliseconds was spent in the scheduler. (kafka.coordinator.group.GroupMetadataManager)
[2026-06-03 20:57:25,197] INFO [GroupMetadataManager brokerId=1] Finished loading offsets and group metadata from __consumer_offsets-42 in 18255734 milliseconds for epoch 4, of which 18255734 milliseconds was spent in the scheduler. (kafka.coordinator.group.GroupMetadataManager)
[2026-06-03 20:57:25,197] INFO [GroupMetadataManager brokerId=1] Finished loading offsets and group metadata from __consumer_offsets-21 in 18255731 milliseconds for epoch 4, of which 18255731 milliseconds was spent in the scheduler. (kafka.coordinator.group.GroupMetadataManager)
[2026-06-03 20:57:25,197] INFO [GroupMetadataManager brokerId=1] Finished loading offsets and group metadata from __consumer_offsets-17 in 18255729 milliseconds for epoch 4, of which 18255729 milliseconds was spent in the scheduler. (kafka.coordinator.group.GroupMetadataManager)
[2026-06-03 20:57:25,197] INFO [GroupMetadataManager brokerId=1] Finished loading offsets and group metadata from __consumer_offsets-30 in 18255727 milliseconds for epoch 4, of which 18255727 milliseconds was spent in the scheduler. (kafka.coordinator.group.GroupMetadataManager)
[2026-06-03 20:57:25,197] INFO [GroupMetadataManager brokerId=1] Finished loading offsets and group metadata from __consumer_offsets-26 in 18255725 milliseconds for epoch 4, of which 18255725 milliseconds was spent in the scheduler. (kafka.coordinator.group.GroupMetadataManager)
[2026-06-03 20:57:25,197] INFO [GroupMetadataManager brokerId=1] Finished loading offsets and group metadata from __consumer_offsets-5 in 18255725 milliseconds for epoch 4, of which 18255725 milliseconds was spent in the scheduler. (kafka.coordinator.group.GroupMetadataManager)
[2026-06-03 20:57:25,197] INFO [GroupMetadataManager brokerId=1] Finished loading offsets and group metadata from __consumer_offsets-38 in 18255720 milliseconds for epoch 4, of which 18255720 milliseconds was spent in the scheduler. (kafka.coordinator.group.GroupMetadataManager)
[2026-06-03 20:57:25,197] INFO [GroupMetadataManager brokerId=1] Finished loading offsets and group metadata from __consumer_offsets-1 in 18255717 milliseconds for epoch 4, of which 18255717 milliseconds was spent in the scheduler. (kafka.coordinator.group.GroupMetadataManager)
[2026-06-03 20:57:25,197] INFO [GroupMetadataManager brokerId=1] Finished loading offsets and group metadata from __consumer_offsets-34 in 18255715 milliseconds for epoch 4, of which 18255715 milliseconds was spent in the scheduler. (kafka.coordinator.group.GroupMetadataManager)
[2026-06-03 20:57:25,197] INFO [GroupMetadataManager brokerId=1] Finished loading offsets and group metadata from __consumer_offsets-16 in 18255713 milliseconds for epoch 4, of which 18255713 milliseconds was spent in the scheduler. (kafka.coordinator.group.GroupMetadataManager)
[2026-06-03 20:57:25,197] INFO [GroupMetadataManager brokerId=1] Finished loading offsets and group metadata from __consumer_offsets-45 in 18255713 milliseconds for epoch 4, of which 18255713 milliseconds was spent in the scheduler. (kafka.coordinator.group.GroupMetadataManager)
[2026-06-03 20:57:25,197] INFO [GroupMetadataManager brokerId=1] Finished loading offsets and group metadata from __consumer_offsets-12 in 18255711 milliseconds for epoch 4, of which 18255711 milliseconds was spent in the scheduler. (kafka.coordinator.group.GroupMetadataManager)
[2026-06-03 20:57:25,197] INFO [GroupMetadataManager brokerId=1] Finished loading offsets and group metadata from __consumer_offsets-41 in 18255708 milliseconds for epoch 4, of which 18255708 milliseconds was spent in the scheduler. (kafka.coordinator.group.GroupMetadataManager)
[2026-06-03 20:57:25,197] INFO [GroupMetadataManager brokerId=1] Finished loading offsets and group metadata from __consumer_offsets-24 in 18255698 milliseconds for epoch 4, of which 18255698 milliseconds was spent in the scheduler. (kafka.coordinator.group.GroupMetadataManager)
[2026-06-03 20:57:25,197] INFO [GroupMetadataManager brokerId=1] Finished loading offsets and group metadata from __consumer_offsets-20 in 18255696 milliseconds for epoch 4, of which 18255696 milliseconds was spent in the scheduler. (kafka.coordinator.group.GroupMetadataManager)
[2026-06-03 20:57:25,210] INFO Loaded member MemberMetadata(memberId=console-consumer-3703111a-d53c-4f9f-8325-d9890ea02630, groupInstanceId=None, clientId=console-consumer, clientHost=/127.0.0.1, sessionTimeoutMs=45000, rebalanceTimeoutMs=300000, supportedProtocols=List(range)) in group console-consumer-99 with generation 1. (kafka.coordinator.group.GroupMetadata$)
[2026-06-03 20:57:25,210] INFO Loaded member MemberMetadata(memberId=console-consumer-651565de-ef22-4227-b7f4-142e67b823b7, groupInstanceId=None, clientId=console-consumer, clientHost=/127.0.0.1, sessionTimeoutMs=45000, rebalanceTimeoutMs=300000, supportedProtocols=List(range)) in group console-consumer-99 with generation 3. (kafka.coordinator.group.GroupMetadata$)
[2026-06-03 20:57:25,210] INFO Loaded member MemberMetadata(memberId=console-consumer-2a163f5a-58fb-45f7-8d02-4455dd3638da, groupInstanceId=None, clientId=console-consumer, clientHost=/127.0.0.1, sessionTimeoutMs=45000, rebalanceTimeoutMs=300000, supportedProtocols=List(range)) in group console-consumer-99 with generation 5. (kafka.coordinator.group.GroupMetadata$)
[2026-06-03 20:57:25,214] INFO Loaded member MemberMetadata(memberId=console-consumer-4f3e4b91-0ca1-4560-b522-b41212f5fe93, groupInstanceId=None, clientId=console-consumer, clientHost=/127.0.0.1, sessionTimeoutMs=45000, rebalanceTimeoutMs=300000, supportedProtocols=List(range)) in group console-consumer-99 with generation 7. (kafka.coordinator.group.GroupMetadata$)
[2026-06-03 20:57:25,214] INFO [GroupCoordinator 1]: Loading group metadata for console-consumer-99 with generation 7 (kafka.coordinator.group.GroupCoordinator)
[2026-06-03 20:57:25,215] INFO [GroupMetadataManager brokerId=1] Finished loading offsets and group metadata from __consumer_offsets-49 in 18255711 milliseconds for epoch 4, of which 18255693 milliseconds was spent in the scheduler. (kafka.coordinator.group.GroupMetadataManager)
[2026-06-03 20:57:25,215] INFO [GroupMetadataManager brokerId=1] Finished loading offsets and group metadata from __consumer_offsets-0 in 18255707 milliseconds for epoch 4, of which 18255707 milliseconds was spent in the scheduler. (kafka.coordinator.group.GroupMetadataManager)
[2026-06-03 20:57:25,215] INFO [GroupMetadataManager brokerId=1] Finished loading offsets and group metadata from __consumer_offsets-29 in 18255703 milliseconds for epoch 4, of which 18255703 milliseconds was spent in the scheduler. (kafka.coordinator.group.GroupMetadataManager)
[2026-06-03 20:57:25,215] INFO [GroupMetadataManager brokerId=1] Finished loading offsets and group metadata from __consumer_offsets-25 in 18255699 milliseconds for epoch 4, of which 18255699 milliseconds was spent in the scheduler. (kafka.coordinator.group.GroupMetadataManager)
[2026-06-03 20:57:25,215] INFO [GroupMetadataManager brokerId=1] Finished loading offsets and group metadata from __consumer_offsets-8 in 18255697 milliseconds for epoch 4, of which 18255697 milliseconds was spent in the scheduler. (kafka.coordinator.group.GroupMetadataManager)
[2026-06-03 20:57:25,215] INFO [GroupMetadataManager brokerId=1] Finished loading offsets and group metadata from __consumer_offsets-37 in 18255695 milliseconds for epoch 4, of which 18255695 milliseconds was spent in the scheduler. (kafka.coordinator.group.GroupMetadataManager)
[2026-06-03 20:57:25,215] INFO [GroupMetadataManager brokerId=1] Finished loading offsets and group metadata from __consumer_offsets-4 in 18255680 milliseconds for epoch 4, of which 18255680 milliseconds was spent in the scheduler. (kafka.coordinator.group.GroupMetadataManager)
[2026-06-03 20:57:25,215] INFO [GroupMetadataManager brokerId=1] Finished loading offsets and group metadata from __consumer_offsets-33 in 18255661 milliseconds for epoch 4, of which 18255661 milliseconds was spent in the scheduler. (kafka.coordinator.group.GroupMetadataManager)
[2026-06-03 20:57:25,215] INFO [GroupMetadataManager brokerId=1] Finished loading offsets and group metadata from __consumer_offsets-15 in 18255651 milliseconds for epoch 4, of which 18255651 milliseconds was spent in the scheduler. (kafka.coordinator.group.GroupMetadataManager)
[2026-06-03 20:57:25,215] INFO [GroupMetadataManager brokerId=1] Finished loading offsets and group metadata from __consumer_offsets-48 in 18255640 milliseconds for epoch 4, of which 18255640 milliseconds was spent in the scheduler. (kafka.coordinator.group.GroupMetadataManager)
[2026-06-03 20:57:25,215] INFO [GroupMetadataManager brokerId=1] Finished loading offsets and group metadata from __consumer_offsets-11 in 18255635 milliseconds for epoch 4, of which 18255635 milliseconds was spent in the scheduler. (kafka.coordinator.group.GroupMetadataManager)
[2026-06-03 20:57:25,215] INFO [GroupMetadataManager brokerId=1] Finished loading offsets and group metadata from __consumer_offsets-44 in 18255629 milliseconds for epoch 4, of which 18255629 milliseconds was spent in the scheduler. (kafka.coordinator.group.GroupMetadataManager)
[2026-06-03 20:57:25,215] INFO [GroupMetadataManager brokerId=1] Finished loading offsets and group metadata from __consumer_offsets-23 in 18255626 milliseconds for epoch 4, of which 18255626 milliseconds was spent in the scheduler. (kafka.coordinator.group.GroupMetadataManager)
[2026-06-03 20:57:25,215] INFO [GroupMetadataManager brokerId=1] Finished loading offsets and group metadata from __consumer_offsets-19 in 18255615 milliseconds for epoch 4, of which 18255615 milliseconds was spent in the scheduler. (kafka.coordinator.group.GroupMetadataManager)
[2026-06-03 20:57:25,215] INFO [GroupMetadataManager brokerId=1] Finished loading offsets and group metadata from __consumer_offsets-32 in 18255578 milliseconds for epoch 4, of which 18255578 milliseconds was spent in the scheduler. (kafka.coordinator.group.GroupMetadataManager)
[2026-06-03 20:57:25,215] INFO [GroupMetadataManager brokerId=1] Finished loading offsets and group metadata from __consumer_offsets-28 in 18255573 milliseconds for epoch 4, of which 18255573 milliseconds was spent in the scheduler. (kafka.coordinator.group.GroupMetadataManager)
[2026-06-03 20:57:25,215] INFO [GroupMetadataManager brokerId=1] Finished loading offsets and group metadata from __consumer_offsets-7 in 18255541 milliseconds for epoch 4, of which 18255541 milliseconds was spent in the scheduler. (kafka.coordinator.group.GroupMetadataManager)
[2026-06-03 20:57:25,215] INFO [GroupMetadataManager brokerId=1] Finished loading offsets and group metadata from __consumer_offsets-40 in 18255513 milliseconds for epoch 4, of which 18255513 milliseconds was spent in the scheduler. (kafka.coordinator.group.GroupMetadataManager)
[2026-06-03 20:57:25,215] INFO [GroupMetadataManager brokerId=1] Finished loading offsets and group metadata from __consumer_offsets-3 in 18255504 milliseconds for epoch 4, of which 18255504 milliseconds was spent in the scheduler. (kafka.coordinator.group.GroupMetadataManager)
[2026-06-03 20:57:25,215] INFO [GroupMetadataManager brokerId=1] Finished loading offsets and group metadata from __consumer_offsets-36 in 18255495 milliseconds for epoch 4, of which 18255495 milliseconds was spent in the scheduler. (kafka.coordinator.group.GroupMetadataManager)
[2026-06-03 20:57:25,215] INFO [GroupMetadataManager brokerId=1] Finished loading offsets and group metadata from __consumer_offsets-47 in 18255484 milliseconds for epoch 4, of which 18255484 milliseconds was spent in the scheduler. (kafka.coordinator.group.GroupMetadataManager)
[2026-06-03 20:57:25,215] INFO [GroupMetadataManager brokerId=1] Finished loading offsets and group metadata from __consumer_offsets-14 in 18255466 milliseconds for epoch 4, of which 18255466 milliseconds was spent in the scheduler. (kafka.coordinator.group.GroupMetadataManager)
[2026-06-03 20:57:25,215] INFO [GroupMetadataManager brokerId=1] Finished loading offsets and group metadata from __consumer_offsets-43 in 18255457 milliseconds for epoch 4, of which 18255457 milliseconds was spent in the scheduler. (kafka.coordinator.group.GroupMetadataManager)
[2026-06-03 20:57:25,215] INFO [GroupMetadataManager brokerId=1] Finished loading offsets and group metadata from __consumer_offsets-10 in 18255447 milliseconds for epoch 4, of which 18255447 milliseconds was spent in the scheduler. (kafka.coordinator.group.GroupMetadataManager)
[2026-06-03 20:57:25,215] INFO [GroupMetadataManager brokerId=1] Finished loading offsets and group metadata from __consumer_offsets-22 in 18255428 milliseconds for epoch 4, of which 18255428 milliseconds was spent in the scheduler. (kafka.coordinator.group.GroupMetadataManager)
[2026-06-03 20:57:25,215] INFO [GroupMetadataManager brokerId=1] Finished loading offsets and group metadata from __consumer_offsets-18 in 18255416 milliseconds for epoch 4, of which 18255416 milliseconds was spent in the scheduler. (kafka.coordinator.group.GroupMetadataManager)
[2026-06-03 20:57:25,215] INFO [GroupMetadataManager brokerId=1] Finished loading offsets and group metadata from __consumer_offsets-31 in 18255407 milliseconds for epoch 4, of which 18255407 milliseconds was spent in the scheduler. (kafka.coordinator.group.GroupMetadataManager)
[2026-06-03 20:57:25,215] INFO [GroupMetadataManager brokerId=1] Finished loading offsets and group metadata from __consumer_offsets-27 in 18255398 milliseconds for epoch 4, of which 18255398 milliseconds was spent in the scheduler. (kafka.coordinator.group.GroupMetadataManager)
[2026-06-03 20:57:25,215] INFO [GroupMetadataManager brokerId=1] Finished loading offsets and group metadata from __consumer_offsets-39 in 18255392 milliseconds for epoch 4, of which 18255392 milliseconds was spent in the scheduler. (kafka.coordinator.group.GroupMetadataManager)
[2026-06-03 20:57:25,215] INFO [GroupMetadataManager brokerId=1] Finished loading offsets and group metadata from __consumer_offsets-6 in 18255390 milliseconds for epoch 4, of which 18255390 milliseconds was spent in the scheduler. (kafka.coordinator.group.GroupMetadataManager)
[2026-06-03 20:57:25,215] INFO [GroupMetadataManager brokerId=1] Finished loading offsets and group metadata from __consumer_offsets-35 in 18255389 milliseconds for epoch 4, of which 18255389 milliseconds was spent in the scheduler. (kafka.coordinator.group.GroupMetadataManager)
[2026-06-03 20:57:25,215] INFO [GroupMetadataManager brokerId=1] Finished loading offsets and group metadata from __consumer_offsets-2 in 18255389 milliseconds for epoch 4, of which 18255389 milliseconds was spent in the scheduler. (kafka.coordinator.group.GroupMetadataManager)
[2026-06-03 20:57:25,215] INFO [GroupMetadataManager brokerId=1] Finished unloading __consumer_offsets-13 for coordinator epoch OptionalInt[5]. Removed 0 cached offsets and 0 cached groups. (kafka.coordinator.group.GroupMetadataManager)
[2026-06-03 20:57:25,215] INFO [GroupMetadataManager brokerId=1] Finished unloading __consumer_offsets-46 for coordinator epoch OptionalInt[5]. Removed 0 cached offsets and 0 cached groups. (kafka.coordinator.group.GroupMetadataManager)
[2026-06-03 20:57:25,215] INFO [GroupMetadataManager brokerId=1] Finished unloading __consumer_offsets-9 for coordinator epoch OptionalInt[5]. Removed 0 cached offsets and 0 cached groups. (kafka.coordinator.group.GroupMetadataManager)
[2026-06-03 20:57:25,215] INFO [GroupMetadataManager brokerId=1] Finished unloading __consumer_offsets-42 for coordinator epoch OptionalInt[5]. Removed 0 cached offsets and 0 cached groups. (kafka.coordinator.group.GroupMetadataManager)
[2026-06-03 20:57:25,215] INFO [GroupMetadataManager brokerId=1] Finished unloading __consumer_offsets-21 for coordinator epoch OptionalInt[5]. Removed 0 cached offsets and 0 cached groups. (kafka.coordinator.group.GroupMetadataManager)
[2026-06-03 20:57:25,215] INFO [GroupMetadataManager brokerId=1] Finished unloading __consumer_offsets-17 for coordinator epoch OptionalInt[5]. Removed 0 cached offsets and 0 cached groups. (kafka.coordinator.group.GroupMetadataManager)
[2026-06-03 20:57:25,215] INFO [GroupMetadataManager brokerId=1] Finished unloading __consumer_offsets-30 for coordinator epoch OptionalInt[5]. Removed 0 cached offsets and 0 cached groups. (kafka.coordinator.group.GroupMetadataManager)
[2026-06-03 20:57:25,215] INFO [GroupMetadataManager brokerId=1] Finished unloading __consumer_offsets-26 for coordinator epoch OptionalInt[5]. Removed 0 cached offsets and 0 cached groups. (kafka.coordinator.group.GroupMetadataManager)
[2026-06-03 20:57:25,215] INFO [GroupMetadataManager brokerId=1] Finished unloading __consumer_offsets-5 for coordinator epoch OptionalInt[5]. Removed 0 cached offsets and 0 cached groups. (kafka.coordinator.group.GroupMetadataManager)
[2026-06-03 20:57:25,215] INFO [GroupMetadataManager brokerId=1] Finished unloading __consumer_offsets-38 for coordinator epoch OptionalInt[5]. Removed 0 cached offsets and 0 cached groups. (kafka.coordinator.group.GroupMetadataManager)
[2026-06-03 20:57:25,215] INFO [GroupMetadataManager brokerId=1] Finished unloading __consumer_offsets-1 for coordinator epoch OptionalInt[5]. Removed 0 cached offsets and 0 cached groups. (kafka.coordinator.group.GroupMetadataManager)
[2026-06-03 20:57:25,215] INFO [GroupMetadataManager brokerId=1] Finished unloading __consumer_offsets-34 for coordinator epoch OptionalInt[5]. Removed 0 cached offsets and 0 cached groups. (kafka.coordinator.group.GroupMetadataManager)
[2026-06-03 20:57:25,215] INFO [GroupMetadataManager brokerId=1] Finished unloading __consumer_offsets-16 for coordinator epoch OptionalInt[5]. Removed 0 cached offsets and 0 cached groups. (kafka.coordinator.group.GroupMetadataManager)
[2026-06-03 20:57:25,215] INFO [GroupMetadataManager brokerId=1] Finished unloading __consumer_offsets-45 for coordinator epoch OptionalInt[5]. Removed 0 cached offsets and 0 cached groups. (kafka.coordinator.group.GroupMetadataManager)
[2026-06-03 20:57:25,215] INFO [GroupMetadataManager brokerId=1] Finished unloading __consumer_offsets-12 for coordinator epoch OptionalInt[5]. Removed 0 cached offsets and 0 cached groups. (kafka.coordinator.group.GroupMetadataManager)
[2026-06-03 20:57:25,215] INFO [GroupMetadataManager brokerId=1] Finished unloading __consumer_offsets-41 for coordinator epoch OptionalInt[5]. Removed 0 cached offsets and 0 cached groups. (kafka.coordinator.group.GroupMetadataManager)
[2026-06-03 20:57:25,215] INFO [GroupMetadataManager brokerId=1] Finished unloading __consumer_offsets-24 for coordinator epoch OptionalInt[5]. Removed 0 cached offsets and 0 cached groups. (kafka.coordinator.group.GroupMetadataManager)
[2026-06-03 20:57:25,215] INFO [GroupMetadataManager brokerId=1] Finished unloading __consumer_offsets-20 for coordinator epoch OptionalInt[5]. Removed 0 cached offsets and 0 cached groups. (kafka.coordinator.group.GroupMetadataManager)
[2026-06-03 20:57:25,215] INFO [GroupCoordinator 1]: Unloading group metadata for console-consumer-99 with generation 7 (kafka.coordinator.group.GroupCoordinator)
[2026-06-03 20:57:25,215] INFO [GroupMetadataManager brokerId=1] Finished unloading __consumer_offsets-49 for coordinator epoch OptionalInt[5]. Removed 0 cached offsets and 1 cached groups. (kafka.coordinator.group.GroupMetadataManager)
[2026-06-03 20:57:25,215] INFO [GroupMetadataManager brokerId=1] Finished unloading __consumer_offsets-0 for coordinator epoch OptionalInt[5]. Removed 0 cached offsets and 0 cached groups. (kafka.coordinator.group.GroupMetadataManager)
[2026-06-03 20:57:25,215] INFO [GroupMetadataManager brokerId=1] Finished unloading __consumer_offsets-29 for coordinator epoch OptionalInt[5]. Removed 0 cached offsets and 0 cached groups. (kafka.coordinator.group.GroupMetadataManager)
[2026-06-03 20:57:25,215] INFO [GroupMetadataManager brokerId=1] Finished unloading __consumer_offsets-25 for coordinator epoch OptionalInt[5]. Removed 0 cached offsets and 0 cached groups. (kafka.coordinator.group.GroupMetadataManager)
[2026-06-03 20:57:25,226] INFO [GroupMetadataManager brokerId=1] Finished unloading __consumer_offsets-8 for coordinator epoch OptionalInt[5]. Removed 0 cached offsets and 0 cached groups. (kafka.coordinator.group.GroupMetadataManager)
[2026-06-03 20:57:25,226] INFO [GroupMetadataManager brokerId=1] Finished unloading __consumer_offsets-37 for coordinator epoch OptionalInt[5]. Removed 0 cached offsets and 0 cached groups. (kafka.coordinator.group.GroupMetadataManager)
[2026-06-03 20:57:25,226] INFO [GroupMetadataManager brokerId=1] Finished unloading __consumer_offsets-4 for coordinator epoch OptionalInt[5]. Removed 0 cached offsets and 0 cached groups. (kafka.coordinator.group.GroupMetadataManager)
[2026-06-03 20:57:25,226] INFO [GroupMetadataManager brokerId=1] Finished unloading __consumer_offsets-33 for coordinator epoch OptionalInt[5]. Removed 0 cached offsets and 0 cached groups. (kafka.coordinator.group.GroupMetadataManager)
[2026-06-03 20:57:25,226] INFO [GroupMetadataManager brokerId=1] Finished unloading __consumer_offsets-15 for coordinator epoch OptionalInt[5]. Removed 0 cached offsets and 0 cached groups. (kafka.coordinator.group.GroupMetadataManager)
[2026-06-03 20:57:25,226] INFO [GroupMetadataManager brokerId=1] Finished unloading __consumer_offsets-48 for coordinator epoch OptionalInt[5]. Removed 0 cached offsets and 0 cached groups. (kafka.coordinator.group.GroupMetadataManager)
[2026-06-03 20:57:25,226] INFO [GroupMetadataManager brokerId=1] Finished unloading __consumer_offsets-11 for coordinator epoch OptionalInt[5]. Removed 0 cached offsets and 0 cached groups. (kafka.coordinator.group.GroupMetadataManager)
[2026-06-03 20:57:25,226] INFO [GroupMetadataManager brokerId=1] Finished unloading __consumer_offsets-44 for coordinator epoch OptionalInt[5]. Removed 0 cached offsets and 0 cached groups. (kafka.coordinator.group.GroupMetadataManager)
[2026-06-03 20:57:25,226] INFO [GroupMetadataManager brokerId=1] Finished unloading __consumer_offsets-23 for coordinator epoch OptionalInt[5]. Removed 0 cached offsets and 0 cached groups. (kafka.coordinator.group.GroupMetadataManager)
[2026-06-03 20:57:25,226] INFO [GroupMetadataManager brokerId=1] Finished unloading __consumer_offsets-19 for coordinator epoch OptionalInt[5]. Removed 0 cached offsets and 0 cached groups. (kafka.coordinator.group.GroupMetadataManager)
[2026-06-03 20:57:25,226] INFO [GroupMetadataManager brokerId=1] Finished unloading __consumer_offsets-32 for coordinator epoch OptionalInt[5]. Removed 0 cached offsets and 0 cached groups. (kafka.coordinator.group.GroupMetadataManager)
[2026-06-03 20:57:25,226] INFO [GroupMetadataManager brokerId=1] Finished unloading __consumer_offsets-28 for coordinator epoch OptionalInt[5]. Removed 0 cached offsets and 0 cached groups. (kafka.coordinator.group.GroupMetadataManager)
[2026-06-03 20:57:25,226] INFO [GroupMetadataManager brokerId=1] Finished unloading __consumer_offsets-7 for coordinator epoch OptionalInt[5]. Removed 0 cached offsets and 0 cached groups. (kafka.coordinator.group.GroupMetadataManager)
[2026-06-03 20:57:25,226] INFO [GroupMetadataManager brokerId=1] Finished unloading __consumer_offsets-40 for coordinator epoch OptionalInt[5]. Removed 0 cached offsets and 0 cached groups. (kafka.coordinator.group.GroupMetadataManager)
[2026-06-03 20:57:25,226] INFO [GroupMetadataManager brokerId=1] Finished unloading __consumer_offsets-3 for coordinator epoch OptionalInt[5]. Removed 0 cached offsets and 0 cached groups. (kafka.coordinator.group.GroupMetadataManager)
[2026-06-03 20:57:25,226] INFO [GroupMetadataManager brokerId=1] Finished unloading __consumer_offsets-36 for coordinator epoch OptionalInt[5]. Removed 0 cached offsets and 0 cached groups. (kafka.coordinator.group.GroupMetadataManager)
[2026-06-03 20:57:25,226] INFO [GroupMetadataManager brokerId=1] Finished unloading __consumer_offsets-47 for coordinator epoch OptionalInt[5]. Removed 0 cached offsets and 0 cached groups. (kafka.coordinator.group.GroupMetadataManager)
[2026-06-03 20:57:25,226] INFO [GroupMetadataManager brokerId=1] Finished unloading __consumer_offsets-14 for coordinator epoch OptionalInt[5]. Removed 0 cached offsets and 0 cached groups. (kafka.coordinator.group.GroupMetadataManager)
[2026-06-03 20:57:25,226] INFO [GroupMetadataManager brokerId=1] Finished unloading __consumer_offsets-43 for coordinator epoch OptionalInt[5]. Removed 0 cached offsets and 0 cached groups. (kafka.coordinator.group.GroupMetadataManager)
[2026-06-03 20:57:25,226] INFO [GroupMetadataManager brokerId=1] Finished unloading __consumer_offsets-10 for coordinator epoch OptionalInt[5]. Removed 0 cached offsets and 0 cached groups. (kafka.coordinator.group.GroupMetadataManager)
[2026-06-03 20:57:25,226] INFO [GroupMetadataManager brokerId=1] Finished unloading __consumer_offsets-22 for coordinator epoch OptionalInt[5]. Removed 0 cached offsets and 0 cached groups. (kafka.coordinator.group.GroupMetadataManager)
[2026-06-03 20:57:25,226] INFO [GroupMetadataManager brokerId=1] Finished unloading __consumer_offsets-18 for coordinator epoch OptionalInt[5]. Removed 0 cached offsets and 0 cached groups. (kafka.coordinator.group.GroupMetadataManager)
[2026-06-03 20:57:25,226] INFO [GroupMetadataManager brokerId=1] Finished unloading __consumer_offsets-31 for coordinator epoch OptionalInt[5]. Removed 0 cached offsets and 0 cached groups. (kafka.coordinator.group.GroupMetadataManager)
[2026-06-03 20:57:25,226] INFO [GroupMetadataManager brokerId=1] Finished unloading __consumer_offsets-27 for coordinator epoch OptionalInt[5]. Removed 0 cached offsets and 0 cached groups. (kafka.coordinator.group.GroupMetadataManager)
[2026-06-03 20:57:25,226] INFO [GroupMetadataManager brokerId=1] Finished unloading __consumer_offsets-39 for coordinator epoch OptionalInt[5]. Removed 0 cached offsets and 0 cached groups. (kafka.coordinator.group.GroupMetadataManager)
[2026-06-03 20:57:25,226] INFO [GroupMetadataManager brokerId=1] Finished unloading __consumer_offsets-6 for coordinator epoch OptionalInt[5]. Removed 0 cached offsets and 0 cached groups. (kafka.coordinator.group.GroupMetadataManager)
[2026-06-03 20:57:25,226] INFO [GroupMetadataManager brokerId=1] Finished unloading __consumer_offsets-35 for coordinator epoch OptionalInt[5]. Removed 0 cached offsets and 0 cached groups. (kafka.coordinator.group.GroupMetadataManager)
[2026-06-03 20:57:25,230] INFO [GroupMetadataManager brokerId=1] Finished unloading __consumer_offsets-2 for coordinator epoch OptionalInt[5]. Removed 0 cached offsets and 0 cached groups. (kafka.coordinator.group.GroupMetadataManager)
[2026-06-03 20:57:25,230] INFO [GroupMetadataManager brokerId=1] Finished loading offsets and group metadata from __consumer_offsets-13 in 15564113 milliseconds for epoch 6, of which 15564113 milliseconds was spent in the scheduler. (kafka.coordinator.group.GroupMetadataManager)
[2026-06-03 20:57:25,230] INFO [GroupMetadataManager brokerId=1] Finished loading offsets and group metadata from __consumer_offsets-46 in 15564113 milliseconds for epoch 6, of which 15564113 milliseconds was spent in the scheduler. (kafka.coordinator.group.GroupMetadataManager)
[2026-06-03 20:57:25,230] INFO [GroupMetadataManager brokerId=1] Finished loading offsets and group metadata from __consumer_offsets-9 in 15564113 milliseconds for epoch 6, of which 15564113 milliseconds was spent in the scheduler. (kafka.coordinator.group.GroupMetadataManager)
[2026-06-03 20:57:25,230] INFO [GroupMetadataManager brokerId=1] Finished loading offsets and group metadata from __consumer_offsets-42 in 15564113 milliseconds for epoch 6, of which 15564113 milliseconds was spent in the scheduler. (kafka.coordinator.group.GroupMetadataManager)
[2026-06-03 20:57:25,230] INFO [GroupMetadataManager brokerId=1] Finished loading offsets and group metadata from __consumer_offsets-21 in 15564111 milliseconds for epoch 6, of which 15564111 milliseconds was spent in the scheduler. (kafka.coordinator.group.GroupMetadataManager)
[2026-06-03 20:57:25,230] INFO [GroupMetadataManager brokerId=1] Finished loading offsets and group metadata from __consumer_offsets-17 in 15564111 milliseconds for epoch 6, of which 15564111 milliseconds was spent in the scheduler. (kafka.coordinator.group.GroupMetadataManager)
[2026-06-03 20:57:25,230] INFO [GroupMetadataManager brokerId=1] Finished loading offsets and group metadata from __consumer_offsets-30 in 15564111 milliseconds for epoch 6, of which 15564111 milliseconds was spent in the scheduler. (kafka.coordinator.group.GroupMetadataManager)
[2026-06-03 20:57:25,230] INFO [GroupMetadataManager brokerId=1] Finished loading offsets and group metadata from __consumer_offsets-26 in 15564111 milliseconds for epoch 6, of which 15564111 milliseconds was spent in the scheduler. (kafka.coordinator.group.GroupMetadataManager)
[2026-06-03 20:57:25,230] INFO [GroupMetadataManager brokerId=1] Finished loading offsets and group metadata from __consumer_offsets-5 in 15564111 milliseconds for epoch 6, of which 15564111 milliseconds was spent in the scheduler. (kafka.coordinator.group.GroupMetadataManager)
[2026-06-03 20:57:25,230] INFO [GroupMetadataManager brokerId=1] Finished loading offsets and group metadata from __consumer_offsets-38 in 15564109 milliseconds for epoch 6, of which 15564109 milliseconds was spent in the scheduler. (kafka.coordinator.group.GroupMetadataManager)
[2026-06-03 20:57:25,230] INFO [GroupMetadataManager brokerId=1] Finished loading offsets and group metadata from __consumer_offsets-1 in 15564109 milliseconds for epoch 6, of which 15564109 milliseconds was spent in the scheduler. (kafka.coordinator.group.GroupMetadataManager)
[2026-06-03 20:57:25,230] INFO [GroupMetadataManager brokerId=1] Finished loading offsets and group metadata from __consumer_offsets-34 in 15564109 milliseconds for epoch 6, of which 15564109 milliseconds was spent in the scheduler. (kafka.coordinator.group.GroupMetadataManager)
[2026-06-03 20:57:25,230] INFO [GroupMetadataManager brokerId=1] Finished loading offsets and group metadata from __consumer_offsets-16 in 15564109 milliseconds for epoch 6, of which 15564109 milliseconds was spent in the scheduler. (kafka.coordinator.group.GroupMetadataManager)
[2026-06-03 20:57:25,230] INFO [GroupMetadataManager brokerId=1] Finished loading offsets and group metadata from __consumer_offsets-45 in 15564109 milliseconds for epoch 6, of which 15564109 milliseconds was spent in the scheduler. (kafka.coordinator.group.GroupMetadataManager)
[2026-06-03 20:57:25,230] INFO [GroupMetadataManager brokerId=1] Finished loading offsets and group metadata from __consumer_offsets-12 in 15564107 milliseconds for epoch 6, of which 15564107 milliseconds was spent in the scheduler. (kafka.coordinator.group.GroupMetadataManager)
[2026-06-03 20:57:25,234] INFO [GroupMetadataManager brokerId=1] Finished loading offsets and group metadata from __consumer_offsets-41 in 15564111 milliseconds for epoch 6, of which 15564111 milliseconds was spent in the scheduler. (kafka.coordinator.group.GroupMetadataManager)
[2026-06-03 20:57:25,234] INFO [GroupMetadataManager brokerId=1] Finished loading offsets and group metadata from __consumer_offsets-24 in 15564111 milliseconds for epoch 6, of which 15564111 milliseconds was spent in the scheduler. (kafka.coordinator.group.GroupMetadataManager)
[2026-06-03 20:57:25,234] INFO [GroupMetadataManager brokerId=1] Finished loading offsets and group metadata from __consumer_offsets-20 in 15564111 milliseconds for epoch 6, of which 15564111 milliseconds was spent in the scheduler. (kafka.coordinator.group.GroupMetadataManager)
[2026-06-03 20:57:25,234] INFO Loaded member MemberMetadata(memberId=console-consumer-3703111a-d53c-4f9f-8325-d9890ea02630, groupInstanceId=None, clientId=console-consumer, clientHost=/127.0.0.1, sessionTimeoutMs=45000, rebalanceTimeoutMs=300000, supportedProtocols=List(range)) in group console-consumer-99 with generation 1. (kafka.coordinator.group.GroupMetadata$)
[2026-06-03 20:57:25,234] INFO Loaded member MemberMetadata(memberId=console-consumer-651565de-ef22-4227-b7f4-142e67b823b7, groupInstanceId=None, clientId=console-consumer, clientHost=/127.0.0.1, sessionTimeoutMs=45000, rebalanceTimeoutMs=300000, supportedProtocols=List(range)) in group console-consumer-99 with generation 3. (kafka.coordinator.group.GroupMetadata$)
[2026-06-03 20:57:25,234] INFO Loaded member MemberMetadata(memberId=console-consumer-2a163f5a-58fb-45f7-8d02-4455dd3638da, groupInstanceId=None, clientId=console-consumer, clientHost=/127.0.0.1, sessionTimeoutMs=45000, rebalanceTimeoutMs=300000, supportedProtocols=List(range)) in group console-consumer-99 with generation 5. (kafka.coordinator.group.GroupMetadata$)
[2026-06-03 20:57:25,234] INFO Loaded member MemberMetadata(memberId=console-consumer-4f3e4b91-0ca1-4560-b522-b41212f5fe93, groupInstanceId=None, clientId=console-consumer, clientHost=/127.0.0.1, sessionTimeoutMs=45000, rebalanceTimeoutMs=300000, supportedProtocols=List(range)) in group console-consumer-99 with generation 7. (kafka.coordinator.group.GroupMetadata$)
[2026-06-03 20:57:25,234] INFO [GroupCoordinator 1]: Loading group metadata for console-consumer-99 with generation 7 (kafka.coordinator.group.GroupCoordinator)
[2026-06-03 20:57:25,234] INFO [GroupMetadataManager brokerId=1] Finished loading offsets and group metadata from __consumer_offsets-49 in 15564111 milliseconds for epoch 6, of which 15564111 milliseconds was spent in the scheduler. (kafka.coordinator.group.GroupMetadataManager)
[2026-06-03 20:57:25,234] INFO [GroupMetadataManager brokerId=1] Finished loading offsets and group metadata from __consumer_offsets-0 in 15564109 milliseconds for epoch 6, of which 15564109 milliseconds was spent in the scheduler. (kafka.coordinator.group.GroupMetadataManager)
[2026-06-03 20:57:25,234] INFO [GroupMetadataManager brokerId=1] Finished loading offsets and group metadata from __consumer_offsets-29 in 15564109 milliseconds for epoch 6, of which 15564109 milliseconds was spent in the scheduler. (kafka.coordinator.group.GroupMetadataManager)
[2026-06-03 20:57:25,234] INFO [GroupMetadataManager brokerId=1] Finished loading offsets and group metadata from __consumer_offsets-25 in 15564109 milliseconds for epoch 6, of which 15564109 milliseconds was spent in the scheduler. (kafka.coordinator.group.GroupMetadataManager)
[2026-06-03 20:57:25,234] INFO [GroupMetadataManager brokerId=1] Finished loading offsets and group metadata from __consumer_offsets-8 in 15564109 milliseconds for epoch 6, of which 15564109 milliseconds was spent in the scheduler. (kafka.coordinator.group.GroupMetadataManager)
[2026-06-03 20:57:25,234] INFO [GroupMetadataManager brokerId=1] Finished loading offsets and group metadata from __consumer_offsets-37 in 15564109 milliseconds for epoch 6, of which 15564109 milliseconds was spent in the scheduler. (kafka.coordinator.group.GroupMetadataManager)
[2026-06-03 20:57:25,234] INFO [GroupMetadataManager brokerId=1] Finished loading offsets and group metadata from __consumer_offsets-4 in 15564109 milliseconds for epoch 6, of which 15564109 milliseconds was spent in the scheduler. (kafka.coordinator.group.GroupMetadataManager)
[2026-06-03 20:57:25,234] INFO [GroupMetadataManager brokerId=1] Finished loading offsets and group metadata from __consumer_offsets-33 in 15564109 milliseconds for epoch 6, of which 15564109 milliseconds was spent in the scheduler. (kafka.coordinator.group.GroupMetadataManager)
[2026-06-03 20:57:25,234] INFO [GroupMetadataManager brokerId=1] Finished loading offsets and group metadata from __consumer_offsets-15 in 15564107 milliseconds for epoch 6, of which 15564107 milliseconds was spent in the scheduler. (kafka.coordinator.group.GroupMetadataManager)
[2026-06-03 20:57:25,234] INFO [GroupMetadataManager brokerId=1] Finished loading offsets and group metadata from __consumer_offsets-48 in 15564107 milliseconds for epoch 6, of which 15564107 milliseconds was spent in the scheduler. (kafka.coordinator.group.GroupMetadataManager)
[2026-06-03 20:57:25,234] INFO [GroupMetadataManager brokerId=1] Finished loading offsets and group metadata from __consumer_offsets-11 in 15564107 milliseconds for epoch 6, of which 15564107 milliseconds was spent in the scheduler. (kafka.coordinator.group.GroupMetadataManager)
[2026-06-03 20:57:25,234] INFO [GroupMetadataManager brokerId=1] Finished loading offsets and group metadata from __consumer_offsets-44 in 15564107 milliseconds for epoch 6, of which 15564107 milliseconds was spent in the scheduler. (kafka.coordinator.group.GroupMetadataManager)
[2026-06-03 20:57:25,234] INFO [GroupMetadataManager brokerId=1] Finished loading offsets and group metadata from __consumer_offsets-23 in 15564107 milliseconds for epoch 6, of which 15564107 milliseconds was spent in the scheduler. (kafka.coordinator.group.GroupMetadataManager)
[2026-06-03 20:57:25,234] INFO [GroupMetadataManager brokerId=1] Finished loading offsets and group metadata from __consumer_offsets-19 in 15564105 milliseconds for epoch 6, of which 15564105 milliseconds was spent in the scheduler. (kafka.coordinator.group.GroupMetadataManager)
[2026-06-03 20:57:25,242] INFO [GroupMetadataManager brokerId=1] Finished loading offsets and group metadata from __consumer_offsets-32 in 15564113 milliseconds for epoch 6, of which 15564105 milliseconds was spent in the scheduler. (kafka.coordinator.group.GroupMetadataManager)
[2026-06-03 20:57:25,242] INFO [GroupMetadataManager brokerId=1] Finished loading offsets and group metadata from __consumer_offsets-28 in 15564113 milliseconds for epoch 6, of which 15564113 milliseconds was spent in the scheduler. (kafka.coordinator.group.GroupMetadataManager)
[2026-06-03 20:57:25,242] INFO [GroupMetadataManager brokerId=1] Finished loading offsets and group metadata from __consumer_offsets-7 in 15564113 milliseconds for epoch 6, of which 15564113 milliseconds was spent in the scheduler. (kafka.coordinator.group.GroupMetadataManager)
[2026-06-03 20:57:25,242] INFO [GroupMetadataManager brokerId=1] Finished loading offsets and group metadata from __consumer_offsets-40 in 15564113 milliseconds for epoch 6, of which 15564113 milliseconds was spent in the scheduler. (kafka.coordinator.group.GroupMetadataManager)
[2026-06-03 20:57:25,242] INFO [GroupMetadataManager brokerId=1] Finished loading offsets and group metadata from __consumer_offsets-3 in 15564111 milliseconds for epoch 6, of which 15564111 milliseconds was spent in the scheduler. (kafka.coordinator.group.GroupMetadataManager)
[2026-06-03 20:57:25,242] INFO [GroupMetadataManager brokerId=1] Finished loading offsets and group metadata from __consumer_offsets-36 in 15564111 milliseconds for epoch 6, of which 15564111 milliseconds was spent in the scheduler. (kafka.coordinator.group.GroupMetadataManager)
[2026-06-03 20:57:25,242] INFO [GroupMetadataManager brokerId=1] Finished loading offsets and group metadata from __consumer_offsets-47 in 15564111 milliseconds for epoch 6, of which 15564111 milliseconds was spent in the scheduler. (kafka.coordinator.group.GroupMetadataManager)
[2026-06-03 20:57:25,242] INFO [GroupMetadataManager brokerId=1] Finished loading offsets and group metadata from __consumer_offsets-14 in 15564111 milliseconds for epoch 6, of which 15564111 milliseconds was spent in the scheduler. (kafka.coordinator.group.GroupMetadataManager)
[2026-06-03 20:57:25,242] INFO [GroupMetadataManager brokerId=1] Finished loading offsets and group metadata from __consumer_offsets-43 in 15564111 milliseconds for epoch 6, of which 15564111 milliseconds was spent in the scheduler. (kafka.coordinator.group.GroupMetadataManager)
[2026-06-03 20:57:25,242] INFO [GroupMetadataManager brokerId=1] Finished loading offsets and group metadata from __consumer_offsets-10 in 15564111 milliseconds for epoch 6, of which 15564111 milliseconds was spent in the scheduler. (kafka.coordinator.group.GroupMetadataManager)
[2026-06-03 20:57:25,242] INFO [GroupMetadataManager brokerId=1] Finished loading offsets and group metadata from __consumer_offsets-22 in 15564109 milliseconds for epoch 6, of which 15564109 milliseconds was spent in the scheduler. (kafka.coordinator.group.GroupMetadataManager)
[2026-06-03 20:57:25,242] INFO [GroupMetadataManager brokerId=1] Finished loading offsets and group metadata from __consumer_offsets-18 in 15564109 milliseconds for epoch 6, of which 15564109 milliseconds was spent in the scheduler. (kafka.coordinator.group.GroupMetadataManager)
[2026-06-03 20:57:25,242] INFO [GroupMetadataManager brokerId=1] Finished loading offsets and group metadata from __consumer_offsets-31 in 15564109 milliseconds for epoch 6, of which 15564109 milliseconds was spent in the scheduler. (kafka.coordinator.group.GroupMetadataManager)
[2026-06-03 20:57:25,242] INFO [GroupMetadataManager brokerId=1] Finished loading offsets and group metadata from __consumer_offsets-27 in 15564109 milliseconds for epoch 6, of which 15564109 milliseconds was spent in the scheduler. (kafka.coordinator.group.GroupMetadataManager)
[2026-06-03 20:57:25,242] INFO [GroupMetadataManager brokerId=1] Finished loading offsets and group metadata from __consumer_offsets-39 in 15564109 milliseconds for epoch 6, of which 15564109 milliseconds was spent in the scheduler. (kafka.coordinator.group.GroupMetadataManager)
[2026-06-03 20:57:25,242] INFO [GroupMetadataManager brokerId=1] Finished loading offsets and group metadata from __consumer_offsets-6 in 15564109 milliseconds for epoch 6, of which 15564109 milliseconds was spent in the scheduler. (kafka.coordinator.group.GroupMetadataManager)
[2026-06-03 20:57:25,246] INFO [GroupMetadataManager brokerId=1] Finished loading offsets and group metadata from __consumer_offsets-35 in 15564111 milliseconds for epoch 6, of which 15564111 milliseconds was spent in the scheduler. (kafka.coordinator.group.GroupMetadataManager)
[2026-06-03 20:57:25,246] INFO [GroupMetadataManager brokerId=1] Finished loading offsets and group metadata from __consumer_offsets-2 in 15564111 milliseconds for epoch 6, of which 15564111 milliseconds was spent in the scheduler. (kafka.coordinator.group.GroupMetadataManager)
[2026-06-03 20:57:25,246] INFO [GroupMetadataManager brokerId=1] Already loading offsets and group metadata from __consumer_offsets-13 (kafka.coordinator.group.GroupMetadataManager)
[2026-06-03 20:57:25,246] INFO [GroupMetadataManager brokerId=1] Already loading offsets and group metadata from __consumer_offsets-46 (kafka.coordinator.group.GroupMetadataManager)
[2026-06-03 20:57:25,246] INFO [GroupMetadataManager brokerId=1] Already loading offsets and group metadata from __consumer_offsets-9 (kafka.coordinator.group.GroupMetadataManager)
[2026-06-03 20:57:25,250] INFO [GroupMetadataManager brokerId=1] Already loading offsets and group metadata from __consumer_offsets-42 (kafka.coordinator.group.GroupMetadataManager)
[2026-06-03 20:57:25,250] INFO [GroupMetadataManager brokerId=1] Already loading offsets and group metadata from __consumer_offsets-21 (kafka.coordinator.group.GroupMetadataManager)
[2026-06-03 20:57:25,250] INFO [GroupMetadataManager brokerId=1] Already loading offsets and group metadata from __consumer_offsets-17 (kafka.coordinator.group.GroupMetadataManager)
[2026-06-03 20:57:25,250] INFO [GroupMetadataManager brokerId=1] Already loading offsets and group metadata from __consumer_offsets-30 (kafka.coordinator.group.GroupMetadataManager)
[2026-06-03 20:57:25,250] INFO [GroupMetadataManager brokerId=1] Already loading offsets and group metadata from __consumer_offsets-26 (kafka.coordinator.group.GroupMetadataManager)
[2026-06-03 20:57:25,250] INFO [GroupMetadataManager brokerId=1] Already loading offsets and group metadata from __consumer_offsets-5 (kafka.coordinator.group.GroupMetadataManager)
[2026-06-03 20:57:25,250] INFO [GroupMetadataManager brokerId=1] Already loading offsets and group metadata from __consumer_offsets-38 (kafka.coordinator.group.GroupMetadataManager)
[2026-06-03 20:57:25,250] INFO [GroupMetadataManager brokerId=1] Already loading offsets and group metadata from __consumer_offsets-1 (kafka.coordinator.group.GroupMetadataManager)
[2026-06-03 20:57:25,250] INFO [GroupMetadataManager brokerId=1] Already loading offsets and group metadata from __consumer_offsets-34 (kafka.coordinator.group.GroupMetadataManager)
[2026-06-03 20:57:25,250] INFO [GroupMetadataManager brokerId=1] Already loading offsets and group metadata from __consumer_offsets-16 (kafka.coordinator.group.GroupMetadataManager)
[2026-06-03 20:57:25,250] INFO [GroupMetadataManager brokerId=1] Already loading offsets and group metadata from __consumer_offsets-45 (kafka.coordinator.group.GroupMetadataManager)
[2026-06-03 20:57:25,250] INFO [GroupMetadataManager brokerId=1] Already loading offsets and group metadata from __consumer_offsets-12 (kafka.coordinator.group.GroupMetadataManager)
[2026-06-03 20:57:25,250] INFO [GroupMetadataManager brokerId=1] Already loading offsets and group metadata from __consumer_offsets-41 (kafka.coordinator.group.GroupMetadataManager)
[2026-06-03 20:57:25,250] INFO [GroupMetadataManager brokerId=1] Already loading offsets and group metadata from __consumer_offsets-24 (kafka.coordinator.group.GroupMetadataManager)
[2026-06-03 20:57:25,250] INFO [GroupMetadataManager brokerId=1] Already loading offsets and group metadata from __consumer_offsets-20 (kafka.coordinator.group.GroupMetadataManager)
[2026-06-03 20:57:25,250] INFO [GroupMetadataManager brokerId=1] Already loading offsets and group metadata from __consumer_offsets-49 (kafka.coordinator.group.GroupMetadataManager)
[2026-06-03 20:57:25,250] INFO [GroupMetadataManager brokerId=1] Already loading offsets and group metadata from __consumer_offsets-0 (kafka.coordinator.group.GroupMetadataManager)
[2026-06-03 20:57:25,250] INFO [GroupMetadataManager brokerId=1] Already loading offsets and group metadata from __consumer_offsets-29 (kafka.coordinator.group.GroupMetadataManager)
[2026-06-03 20:57:25,250] INFO [GroupMetadataManager brokerId=1] Already loading offsets and group metadata from __consumer_offsets-25 (kafka.coordinator.group.GroupMetadataManager)
[2026-06-03 20:57:25,250] INFO [GroupMetadataManager brokerId=1] Already loading offsets and group metadata from __consumer_offsets-8 (kafka.coordinator.group.GroupMetadataManager)
[2026-06-03 20:57:25,250] INFO [GroupMetadataManager brokerId=1] Already loading offsets and group metadata from __consumer_offsets-37 (kafka.coordinator.group.GroupMetadataManager)
[2026-06-03 20:57:25,250] INFO [GroupMetadataManager brokerId=1] Already loading offsets and group metadata from __consumer_offsets-4 (kafka.coordinator.group.GroupMetadataManager)
[2026-06-03 20:57:25,250] INFO [GroupMetadataManager brokerId=1] Already loading offsets and group metadata from __consumer_offsets-33 (kafka.coordinator.group.GroupMetadataManager)
[2026-06-03 20:57:25,250] INFO [GroupMetadataManager brokerId=1] Already loading offsets and group metadata from __consumer_offsets-15 (kafka.coordinator.group.GroupMetadataManager)
[2026-06-03 20:57:25,250] INFO [GroupMetadataManager brokerId=1] Already loading offsets and group metadata from __consumer_offsets-48 (kafka.coordinator.group.GroupMetadataManager)
[2026-06-03 20:57:25,250] INFO [GroupMetadataManager brokerId=1] Already loading offsets and group metadata from __consumer_offsets-11 (kafka.coordinator.group.GroupMetadataManager)
[2026-06-03 20:57:25,250] INFO [GroupMetadataManager brokerId=1] Already loading offsets and group metadata from __consumer_offsets-44 (kafka.coordinator.group.GroupMetadataManager)
[2026-06-03 20:57:25,250] INFO [GroupMetadataManager brokerId=1] Already loading offsets and group metadata from __consumer_offsets-23 (kafka.coordinator.group.GroupMetadataManager)
[2026-06-03 20:57:25,250] INFO [GroupMetadataManager brokerId=1] Already loading offsets and group metadata from __consumer_offsets-19 (kafka.coordinator.group.GroupMetadataManager)
[2026-06-03 20:57:25,250] INFO [GroupMetadataManager brokerId=1] Already loading offsets and group metadata from __consumer_offsets-32 (kafka.coordinator.group.GroupMetadataManager)
[2026-06-03 20:57:25,250] INFO [GroupMetadataManager brokerId=1] Already loading offsets and group metadata from __consumer_offsets-28 (kafka.coordinator.group.GroupMetadataManager)
[2026-06-03 20:57:25,250] INFO [GroupMetadataManager brokerId=1] Already loading offsets and group metadata from __consumer_offsets-7 (kafka.coordinator.group.GroupMetadataManager)
[2026-06-03 20:57:25,250] INFO [GroupMetadataManager brokerId=1] Already loading offsets and group metadata from __consumer_offsets-40 (kafka.coordinator.group.GroupMetadataManager)
[2026-06-03 20:57:25,250] INFO [GroupMetadataManager brokerId=1] Already loading offsets and group metadata from __consumer_offsets-3 (kafka.coordinator.group.GroupMetadataManager)
[2026-06-03 20:57:25,250] INFO [GroupMetadataManager brokerId=1] Already loading offsets and group metadata from __consumer_offsets-36 (kafka.coordinator.group.GroupMetadataManager)
[2026-06-03 20:57:25,250] INFO [GroupMetadataManager brokerId=1] Already loading offsets and group metadata from __consumer_offsets-47 (kafka.coordinator.group.GroupMetadataManager)
[2026-06-03 20:57:25,250] INFO [GroupMetadataManager brokerId=1] Already loading offsets and group metadata from __consumer_offsets-14 (kafka.coordinator.group.GroupMetadataManager)
[2026-06-03 20:57:25,250] INFO [GroupMetadataManager brokerId=1] Already loading offsets and group metadata from __consumer_offsets-43 (kafka.coordinator.group.GroupMetadataManager)
[2026-06-03 20:57:25,250] INFO [GroupMetadataManager brokerId=1] Already loading offsets and group metadata from __consumer_offsets-10 (kafka.coordinator.group.GroupMetadataManager)
[2026-06-03 20:57:25,250] INFO [GroupMetadataManager brokerId=1] Already loading offsets and group metadata from __consumer_offsets-22 (kafka.coordinator.group.GroupMetadataManager)
[2026-06-03 20:57:25,250] INFO [GroupMetadataManager brokerId=1] Already loading offsets and group metadata from __consumer_offsets-18 (kafka.coordinator.group.GroupMetadataManager)
[2026-06-03 20:57:25,250] INFO [GroupMetadataManager brokerId=1] Already loading offsets and group metadata from __consumer_offsets-31 (kafka.coordinator.group.GroupMetadataManager)
[2026-06-03 20:57:25,250] INFO [GroupMetadataManager brokerId=1] Already loading offsets and group metadata from __consumer_offsets-27 (kafka.coordinator.group.GroupMetadataManager)
[2026-06-03 20:57:25,250] INFO [GroupMetadataManager brokerId=1] Already loading offsets and group metadata from __consumer_offsets-39 (kafka.coordinator.group.GroupMetadataManager)
[2026-06-03 20:57:25,250] INFO [GroupMetadataManager brokerId=1] Already loading offsets and group metadata from __consumer_offsets-6 (kafka.coordinator.group.GroupMetadataManager)
[2026-06-03 20:57:25,250] INFO [GroupMetadataManager brokerId=1] Already loading offsets and group metadata from __consumer_offsets-35 (kafka.coordinator.group.GroupMetadataManager)
[2026-06-03 20:57:25,250] INFO [GroupMetadataManager brokerId=1] Already loading offsets and group metadata from __consumer_offsets-2 (kafka.coordinator.group.GroupMetadataManager)
