[2026-06-03 20:48:24,192] INFO [Broker id=1] Transitioning 51 partition(s) to local leaders. (state.change.logger)
[2026-06-03 20:48:24,419] INFO [Broker id=1] Leader __consumer_offsets-13 with topic id Some(5KfgY8G7Qd-F0UwdbaYtZg) starts at leader epoch 8 from offset 0 with partition epoch 8, high watermark 0, ISR [1], adding replicas [] and removing replicas [] . Previous leader Some(1) and previous leader epoch was 6. (state.change.logger)
[2026-06-03 20:48:24,763] INFO [Broker id=1] Leader __consumer_offsets-46 with topic id Some(5KfgY8G7Qd-F0UwdbaYtZg) starts at leader epoch 8 from offset 0 with partition epoch 8, high watermark 0, ISR [1], adding replicas [] and removing replicas [] . Previous leader Some(1) and previous leader epoch was 6. (state.change.logger)
[2026-06-03 20:48:24,774] INFO [Broker id=1] Leader __consumer_offsets-9 with topic id Some(5KfgY8G7Qd-F0UwdbaYtZg) starts at leader epoch 8 from offset 0 with partition epoch 8, high watermark 0, ISR [1], adding replicas [] and removing replicas [] . Previous leader Some(1) and previous leader epoch was 6. (state.change.logger)
[2026-06-03 20:48:25,205] INFO [Broker id=1] Leader __consumer_offsets-42 with topic id Some(5KfgY8G7Qd-F0UwdbaYtZg) starts at leader epoch 8 from offset 0 with partition epoch 8, high watermark 0, ISR [1], adding replicas [] and removing replicas [] . Previous leader Some(1) and previous leader epoch was 6. (state.change.logger)
[2026-06-03 20:48:25,211] INFO [Broker id=1] Leader __consumer_offsets-21 with topic id Some(5KfgY8G7Qd-F0UwdbaYtZg) starts at leader epoch 8 from offset 0 with partition epoch 8, high watermark 0, ISR [1], adding replicas [] and removing replicas [] . Previous leader Some(1) and previous leader epoch was 6. (state.change.logger)
[2026-06-03 20:48:25,218] INFO [Broker id=1] Leader __consumer_offsets-17 with topic id Some(5KfgY8G7Qd-F0UwdbaYtZg) starts at leader epoch 8 from offset 0 with partition epoch 8, high watermark 0, ISR [1], adding replicas [] and removing replicas [] . Previous leader Some(1) and previous leader epoch was 6. (state.change.logger)
[2026-06-03 20:48:25,333] INFO [Broker id=1] Leader __consumer_offsets-30 with topic id Some(5KfgY8G7Qd-F0UwdbaYtZg) starts at leader epoch 8 from offset 0 with partition epoch 8, high watermark 0, ISR [1], adding replicas [] and removing replicas [] . Previous leader Some(1) and previous leader epoch was 6. (state.change.logger)
[2026-06-03 20:48:25,540] INFO [Broker id=1] Leader __consumer_offsets-26 with topic id Some(5KfgY8G7Qd-F0UwdbaYtZg) starts at leader epoch 8 from offset 0 with partition epoch 8, high watermark 0, ISR [1], adding replicas [] and removing replicas [] . Previous leader Some(1) and previous leader epoch was 6. (state.change.logger)
[2026-06-03 20:48:25,551] INFO [Broker id=1] Leader __consumer_offsets-5 with topic id Some(5KfgY8G7Qd-F0UwdbaYtZg) starts at leader epoch 8 from offset 0 with partition epoch 8, high watermark 0, ISR [1], adding replicas [] and removing replicas [] . Previous leader Some(1) and previous leader epoch was 6. (state.change.logger)
[2026-06-03 20:48:25,775] INFO [Broker id=1] Leader __consumer_offsets-38 with topic id Some(5KfgY8G7Qd-F0UwdbaYtZg) starts at leader epoch 8 from offset 0 with partition epoch 8, high watermark 0, ISR [1], adding replicas [] and removing replicas [] . Previous leader Some(1) and previous leader epoch was 6. (state.change.logger)
[2026-06-03 20:48:25,793] INFO [Broker id=1] Leader __consumer_offsets-1 with topic id Some(5KfgY8G7Qd-F0UwdbaYtZg) starts at leader epoch 8 from offset 0 with partition epoch 8, high watermark 0, ISR [1], adding replicas [] and removing replicas [] . Previous leader Some(1) and previous leader epoch was 6. (state.change.logger)
[2026-06-03 20:48:25,841] INFO [Broker id=1] Leader __consumer_offsets-34 with topic id Some(5KfgY8G7Qd-F0UwdbaYtZg) starts at leader epoch 8 from offset 0 with partition epoch 8, high watermark 0, ISR [1], adding replicas [] and removing replicas [] . Previous leader Some(1) and previous leader epoch was 6. (state.change.logger)
[2026-06-03 20:48:25,856] INFO [Broker id=1] Leader __consumer_offsets-16 with topic id Some(5KfgY8G7Qd-F0UwdbaYtZg) starts at leader epoch 8 from offset 0 with partition epoch 8, high watermark 0, ISR [1], adding replicas [] and removing replicas [] . Previous leader Some(1) and previous leader epoch was 6. (state.change.logger)
[2026-06-03 20:48:25,892] INFO [Broker id=1] Leader __consumer_offsets-45 with topic id Some(5KfgY8G7Qd-F0UwdbaYtZg) starts at leader epoch 8 from offset 0 with partition epoch 8, high watermark 0, ISR [1], adding replicas [] and removing replicas [] . Previous leader Some(1) and previous leader epoch was 6. (state.change.logger)
[2026-06-03 20:48:25,903] INFO [Broker id=1] Leader __consumer_offsets-12 with topic id Some(5KfgY8G7Qd-F0UwdbaYtZg) starts at leader epoch 8 from offset 0 with partition epoch 8, high watermark 0, ISR [1], adding replicas [] and removing replicas [] . Previous leader Some(1) and previous leader epoch was 6. (state.change.logger)
[2026-06-03 20:48:25,916] INFO [Broker id=1] Leader __consumer_offsets-41 with topic id Some(5KfgY8G7Qd-F0UwdbaYtZg) starts at leader epoch 8 from offset 0 with partition epoch 8, high watermark 0, ISR [1], adding replicas [] and removing replicas [] . Previous leader Some(1) and previous leader epoch was 6. (state.change.logger)
[2026-06-03 20:48:25,926] INFO [Broker id=1] Leader __consumer_offsets-24 with topic id Some(5KfgY8G7Qd-F0UwdbaYtZg) starts at leader epoch 8 from offset 0 with partition epoch 8, high watermark 0, ISR [1], adding replicas [] and removing replicas [] . Previous leader Some(1) and previous leader epoch was 6. (state.change.logger)
[2026-06-03 20:48:25,939] INFO [Broker id=1] Leader __consumer_offsets-20 with topic id Some(5KfgY8G7Qd-F0UwdbaYtZg) starts at leader epoch 8 from offset 0 with partition epoch 8, high watermark 0, ISR [1], adding replicas [] and removing replicas [] . Previous leader Some(1) and previous leader epoch was 6. (state.change.logger)
[2026-06-03 20:48:25,948] INFO [Broker id=1] Leader __consumer_offsets-49 with topic id Some(5KfgY8G7Qd-F0UwdbaYtZg) starts at leader epoch 8 from offset 6 with partition epoch 8, high watermark 6, ISR [1], adding replicas [] and removing replicas [] . Previous leader Some(1) and previous leader epoch was 6. (state.change.logger)
[2026-06-03 20:48:25,953] INFO [Broker id=1] Leader __consumer_offsets-0 with topic id Some(5KfgY8G7Qd-F0UwdbaYtZg) starts at leader epoch 8 from offset 0 with partition epoch 8, high watermark 0, ISR [1], adding replicas [] and removing replicas [] . Previous leader Some(1) and previous leader epoch was 6. (state.change.logger)
[2026-06-03 20:48:25,958] INFO [Broker id=1] Leader __consumer_offsets-29 with topic id Some(5KfgY8G7Qd-F0UwdbaYtZg) starts at leader epoch 8 from offset 0 with partition epoch 8, high watermark 0, ISR [1], adding replicas [] and removing replicas [] . Previous leader Some(1) and previous leader epoch was 6. (state.change.logger)
[2026-06-03 20:48:25,964] INFO [Broker id=1] Leader __consumer_offsets-25 with topic id Some(5KfgY8G7Qd-F0UwdbaYtZg) starts at leader epoch 8 from offset 0 with partition epoch 8, high watermark 0, ISR [1], adding replicas [] and removing replicas [] . Previous leader Some(1) and previous leader epoch was 6. (state.change.logger)
[2026-06-03 20:48:25,969] INFO [Broker id=1] Leader __consumer_offsets-8 with topic id Some(5KfgY8G7Qd-F0UwdbaYtZg) starts at leader epoch 8 from offset 0 with partition epoch 8, high watermark 0, ISR [1], adding replicas [] and removing replicas [] . Previous leader Some(1) and previous leader epoch was 6. (state.change.logger)
[2026-06-03 20:48:25,993] INFO [Broker id=1] Leader __consumer_offsets-37 with topic id Some(5KfgY8G7Qd-F0UwdbaYtZg) starts at leader epoch 8 from offset 0 with partition epoch 8, high watermark 0, ISR [1], adding replicas [] and removing replicas [] . Previous leader Some(1) and previous leader epoch was 6. (state.change.logger)
[2026-06-03 20:48:26,002] INFO [Broker id=1] Leader __consumer_offsets-4 with topic id Some(5KfgY8G7Qd-F0UwdbaYtZg) starts at leader epoch 8 from offset 0 with partition epoch 8, high watermark 0, ISR [1], adding replicas [] and removing replicas [] . Previous leader Some(1) and previous leader epoch was 6. (state.change.logger)
[2026-06-03 20:48:26,015] INFO [Broker id=1] Leader __consumer_offsets-33 with topic id Some(5KfgY8G7Qd-F0UwdbaYtZg) starts at leader epoch 8 from offset 0 with partition epoch 8, high watermark 0, ISR [1], adding replicas [] and removing replicas [] . Previous leader Some(1) and previous leader epoch was 6. (state.change.logger)
[2026-06-03 20:48:26,024] INFO [Broker id=1] Leader __consumer_offsets-15 with topic id Some(5KfgY8G7Qd-F0UwdbaYtZg) starts at leader epoch 8 from offset 0 with partition epoch 8, high watermark 0, ISR [1], adding replicas [] and removing replicas [] . Previous leader Some(1) and previous leader epoch was 6. (state.change.logger)
[2026-06-03 20:48:26,032] INFO [Broker id=1] Leader __consumer_offsets-48 with topic id Some(5KfgY8G7Qd-F0UwdbaYtZg) starts at leader epoch 8 from offset 0 with partition epoch 8, high watermark 0, ISR [1], adding replicas [] and removing replicas [] . Previous leader Some(1) and previous leader epoch was 6. (state.change.logger)
[2026-06-03 20:48:26,051] INFO [Broker id=1] Leader __consumer_offsets-11 with topic id Some(5KfgY8G7Qd-F0UwdbaYtZg) starts at leader epoch 8 from offset 0 with partition epoch 8, high watermark 0, ISR [1], adding replicas [] and removing replicas [] . Previous leader Some(1) and previous leader epoch was 6. (state.change.logger)
[2026-06-03 20:48:26,067] INFO [Broker id=1] Leader __consumer_offsets-44 with topic id Some(5KfgY8G7Qd-F0UwdbaYtZg) starts at leader epoch 8 from offset 0 with partition epoch 8, high watermark 0, ISR [1], adding replicas [] and removing replicas [] . Previous leader Some(1) and previous leader epoch was 6. (state.change.logger)
[2026-06-03 20:48:26,079] INFO [Broker id=1] Leader __consumer_offsets-23 with topic id Some(5KfgY8G7Qd-F0UwdbaYtZg) starts at leader epoch 8 from offset 0 with partition epoch 8, high watermark 0, ISR [1], adding replicas [] and removing replicas [] . Previous leader Some(1) and previous leader epoch was 6. (state.change.logger)
[2026-06-03 20:48:26,086] INFO [Broker id=1] Leader __consumer_offsets-19 with topic id Some(5KfgY8G7Qd-F0UwdbaYtZg) starts at leader epoch 8 from offset 0 with partition epoch 8, high watermark 0, ISR [1], adding replicas [] and removing replicas [] . Previous leader Some(1) and previous leader epoch was 6. (state.change.logger)
[2026-06-03 20:48:26,094] INFO [Broker id=1] Leader __consumer_offsets-32 with topic id Some(5KfgY8G7Qd-F0UwdbaYtZg) starts at leader epoch 8 from offset 0 with partition epoch 8, high watermark 0, ISR [1], adding replicas [] and removing replicas [] . Previous leader Some(1) and previous leader epoch was 6. (state.change.logger)
[2026-06-03 20:48:26,102] INFO [Broker id=1] Leader __consumer_offsets-28 with topic id Some(5KfgY8G7Qd-F0UwdbaYtZg) starts at leader epoch 8 from offset 0 with partition epoch 8, high watermark 0, ISR [1], adding replicas [] and removing replicas [] . Previous leader Some(1) and previous leader epoch was 6. (state.change.logger)
[2026-06-03 20:48:26,122] INFO [Broker id=1] Leader __consumer_offsets-7 with topic id Some(5KfgY8G7Qd-F0UwdbaYtZg) starts at leader epoch 8 from offset 0 with partition epoch 8, high watermark 0, ISR [1], adding replicas [] and removing replicas [] . Previous leader Some(1) and previous leader epoch was 6. (state.change.logger)
[2026-06-03 20:48:26,133] INFO [Broker id=1] Leader __consumer_offsets-40 with topic id Some(5KfgY8G7Qd-F0UwdbaYtZg) starts at leader epoch 8 from offset 0 with partition epoch 8, high watermark 0, ISR [1], adding replicas [] and removing replicas [] . Previous leader Some(1) and previous leader epoch was 6. (state.change.logger)
[2026-06-03 20:48:26,140] INFO [Broker id=1] Leader __consumer_offsets-3 with topic id Some(5KfgY8G7Qd-F0UwdbaYtZg) starts at leader epoch 8 from offset 0 with partition epoch 8, high watermark 0, ISR [1], adding replicas [] and removing replicas [] . Previous leader Some(1) and previous leader epoch was 6. (state.change.logger)
[2026-06-03 20:48:26,150] INFO [Broker id=1] Leader __consumer_offsets-36 with topic id Some(5KfgY8G7Qd-F0UwdbaYtZg) starts at leader epoch 8 from offset 0 with partition epoch 8, high watermark 0, ISR [1], adding replicas [] and removing replicas [] . Previous leader Some(1) and previous leader epoch was 6. (state.change.logger)
[2026-06-03 20:48:26,156] INFO [Broker id=1] Leader __consumer_offsets-47 with topic id Some(5KfgY8G7Qd-F0UwdbaYtZg) starts at leader epoch 8 from offset 0 with partition epoch 8, high watermark 0, ISR [1], adding replicas [] and removing replicas [] . Previous leader Some(1) and previous leader epoch was 6. (state.change.logger)
[2026-06-03 20:48:26,170] INFO [Broker id=1] Leader __consumer_offsets-14 with topic id Some(5KfgY8G7Qd-F0UwdbaYtZg) starts at leader epoch 8 from offset 0 with partition epoch 8, high watermark 0, ISR [1], adding replicas [] and removing replicas [] . Previous leader Some(1) and previous leader epoch was 6. (state.change.logger)
[2026-06-03 20:48:26,176] INFO [Broker id=1] Leader __consumer_offsets-43 with topic id Some(5KfgY8G7Qd-F0UwdbaYtZg) starts at leader epoch 8 from offset 0 with partition epoch 8, high watermark 0, ISR [1], adding replicas [] and removing replicas [] . Previous leader Some(1) and previous leader epoch was 6. (state.change.logger)
[2026-06-03 20:48:26,185] INFO [Broker id=1] Leader test-0 with topic id Some(45TcVl4gSbuxAsz_18YAuQ) starts at leader epoch 8 from offset 7 with partition epoch 8, high watermark 7, ISR [1], adding replicas [] and removing replicas [] . Previous leader Some(1) and previous leader epoch was 6. (state.change.logger)
[2026-06-03 20:48:26,197] INFO [Broker id=1] Leader __consumer_offsets-10 with topic id Some(5KfgY8G7Qd-F0UwdbaYtZg) starts at leader epoch 8 from offset 0 with partition epoch 8, high watermark 0, ISR [1], adding replicas [] and removing replicas [] . Previous leader Some(1) and previous leader epoch was 6. (state.change.logger)
[2026-06-03 20:48:26,204] INFO [Broker id=1] Leader __consumer_offsets-22 with topic id Some(5KfgY8G7Qd-F0UwdbaYtZg) starts at leader epoch 8 from offset 0 with partition epoch 8, high watermark 0, ISR [1], adding replicas [] and removing replicas [] . Previous leader Some(1) and previous leader epoch was 6. (state.change.logger)
[2026-06-03 20:48:26,215] INFO [Broker id=1] Leader __consumer_offsets-18 with topic id Some(5KfgY8G7Qd-F0UwdbaYtZg) starts at leader epoch 8 from offset 0 with partition epoch 8, high watermark 0, ISR [1], adding replicas [] and removing replicas [] . Previous leader Some(1) and previous leader epoch was 6. (state.change.logger)
[2026-06-03 20:48:26,223] INFO [Broker id=1] Leader __consumer_offsets-31 with topic id Some(5KfgY8G7Qd-F0UwdbaYtZg) starts at leader epoch 8 from offset 0 with partition epoch 8, high watermark 0, ISR [1], adding replicas [] and removing replicas [] . Previous leader Some(1) and previous leader epoch was 6. (state.change.logger)
[2026-06-03 20:48:26,231] INFO [Broker id=1] Leader __consumer_offsets-27 with topic id Some(5KfgY8G7Qd-F0UwdbaYtZg) starts at leader epoch 8 from offset 0 with partition epoch 8, high watermark 0, ISR [1], adding replicas [] and removing replicas [] . Previous leader Some(1) and previous leader epoch was 6. (state.change.logger)
[2026-06-03 20:48:26,237] INFO [Broker id=1] Leader __consumer_offsets-39 with topic id Some(5KfgY8G7Qd-F0UwdbaYtZg) starts at leader epoch 8 from offset 0 with partition epoch 8, high watermark 0, ISR [1], adding replicas [] and removing replicas [] . Previous leader Some(1) and previous leader epoch was 6. (state.change.logger)
[2026-06-03 20:48:26,245] INFO [Broker id=1] Leader __consumer_offsets-6 with topic id Some(5KfgY8G7Qd-F0UwdbaYtZg) starts at leader epoch 8 from offset 0 with partition epoch 8, high watermark 0, ISR [1], adding replicas [] and removing replicas [] . Previous leader Some(1) and previous leader epoch was 6. (state.change.logger)
[2026-06-03 20:48:26,254] INFO [Broker id=1] Leader __consumer_offsets-35 with topic id Some(5KfgY8G7Qd-F0UwdbaYtZg) starts at leader epoch 8 from offset 0 with partition epoch 8, high watermark 0, ISR [1], adding replicas [] and removing replicas [] . Previous leader Some(1) and previous leader epoch was 6. (state.change.logger)
[2026-06-03 20:48:26,259] INFO [Broker id=1] Leader __consumer_offsets-2 with topic id Some(5KfgY8G7Qd-F0UwdbaYtZg) starts at leader epoch 8 from offset 0 with partition epoch 8, high watermark 0, ISR [1], adding replicas [] and removing replicas [] . Previous leader Some(1) and previous leader epoch was 6. (state.change.logger)
[2026-06-06 13:08:50,431] INFO [Controller id=0 epoch=1] Sending UpdateMetadata request to brokers HashSet(0) for 0 partitions (state.change.logger)
[2026-06-06 13:10:30,186] INFO [Controller id=0 epoch=1] Changed partition sensor-data-0 state from NonExistentPartition to NewPartition with assigned replicas 0 (state.change.logger)
[2026-06-06 13:10:30,186] INFO [Controller id=0 epoch=1] Sending UpdateMetadata request to brokers HashSet() for 0 partitions (state.change.logger)
[2026-06-06 13:10:30,196] INFO [Controller id=0 epoch=1] Sending UpdateMetadata request to brokers HashSet() for 0 partitions (state.change.logger)
[2026-06-06 13:10:30,245] INFO [Controller id=0 epoch=1] Changed partition sensor-data-0 from NewPartition to OnlinePartition with state LeaderAndIsr(leader=0, leaderEpoch=0, isrWithBrokerEpoch=List(BrokerState(brokerId=0, brokerEpoch=-1)), leaderRecoveryState=RECOVERED, partitionEpoch=0) (state.change.logger)
[2026-06-06 13:10:30,248] INFO [Controller id=0 epoch=1] Sending LeaderAndIsr request to broker 0 with 1 become-leader and 0 become-follower partitions (state.change.logger)
[2026-06-06 13:10:30,250] INFO [Controller id=0 epoch=1] Sending UpdateMetadata request to brokers HashSet(0) for 1 partitions (state.change.logger)
[2026-06-06 13:10:30,255] INFO [Controller id=0 epoch=1] Sending UpdateMetadata request to brokers HashSet() for 0 partitions (state.change.logger)
[2026-06-06 13:10:30,258] INFO [Broker id=0] Handling LeaderAndIsr request correlationId 1 from controller 0 for 1 partitions (state.change.logger)
[2026-06-06 13:10:30,290] INFO [Broker id=0] Stopped fetchers as part of LeaderAndIsr request correlationId 1 from controller 0 epoch 1 as part of the become-leader transition for 1 partitions (state.change.logger)
[2026-06-06 13:10:30,541] INFO [Broker id=0] Leader sensor-data-0 with topic id Some(T3k9MUt0RZSkT2IwUpwjhQ) starts at leader epoch 0 from offset 0 with partition epoch 0, high watermark 0, ISR [0], adding replicas [] and removing replicas [] . Previous leader None and previous leader epoch was -1. (state.change.logger)
[2026-06-06 13:10:30,564] INFO [Broker id=0] Finished LeaderAndIsr request in 308ms correlationId 1 from controller 0 for 1 partitions (state.change.logger)
[2026-06-06 13:10:30,574] INFO [Broker id=0] Add 1 partitions and deleted 0 partitions from metadata cache in response to UpdateMetadata request sent by controller 0 epoch 1 with correlation id 2 (state.change.logger)
[2026-06-06 13:24:20,955] INFO [Controller id=0 epoch=1] Sending UpdateMetadata request to brokers HashSet() for 0 partitions (state.change.logger)
[2026-06-06 13:28:51,605] INFO [Controller id=0 epoch=2] Sending UpdateMetadata request to brokers HashSet(0) for 0 partitions (state.change.logger)
[2026-06-06 13:28:51,711] INFO [Controller id=0 epoch=2] Sending LeaderAndIsr request to broker 0 with 1 become-leader and 0 become-follower partitions (state.change.logger)
[2026-06-06 13:28:51,720] INFO [Controller id=0 epoch=2] Sending UpdateMetadata request to brokers HashSet(0) for 1 partitions (state.change.logger)
[2026-06-06 13:28:51,949] INFO [Broker id=0] Handling LeaderAndIsr request correlationId 1 from controller 0 for 1 partitions (state.change.logger)
[2026-06-06 13:28:51,968] INFO [Broker id=0] Stopped fetchers as part of LeaderAndIsr request correlationId 1 from controller 0 epoch 2 as part of the become-leader transition for 1 partitions (state.change.logger)
[2026-06-06 13:28:51,984] INFO [Broker id=0] Leader sensor-data-0 with topic id Some(T3k9MUt0RZSkT2IwUpwjhQ) starts at leader epoch 0 from offset 98 with partition epoch 0, high watermark 98, ISR [0], adding replicas [] and removing replicas [] . Previous leader None and previous leader epoch was -1. (state.change.logger)
[2026-06-06 13:28:52,005] INFO [Broker id=0] Finished LeaderAndIsr request in 59ms correlationId 1 from controller 0 for 1 partitions (state.change.logger)
[2026-06-06 13:28:52,019] INFO [Broker id=0] Add 1 partitions and deleted 0 partitions from metadata cache in response to UpdateMetadata request sent by controller 0 epoch 2 with correlation id 2 (state.change.logger)
